
------------------D:/WorkSpace2108/SimpleGameFrame/SimpleGameFrame\Cache/Log/Sth_2020_06_30_17_37_01.log--------------------
[Log][2020-06-30 17:37:01 328] Logger Beginning
[Log][2020-06-30 17:37:01 377] [2020-06-30 17:37:01 373] StartGame
[Log][2020-06-30 17:37:06 478] [2020-06-30 17:37:06 477] New 0: 	x = 0	y = 0	height = 102
[Log][2020-06-30 17:37:06 486] [2020-06-30 17:37:06 480] New 1: 	x = 0	y = -102	height = 118
[Log][2020-06-30 17:37:06 488] [2020-06-30 17:37:06 487] New 2: 	x = 0	y = -220	height = 68
[Log][2020-06-30 17:37:06 489] [2020-06-30 17:37:06 489] New 3: 	x = 0	y = -288	height = 121
[Log][2020-06-30 17:37:06 491] [2020-06-30 17:37:06 490] New 4: 	x = 0	y = -409	height = 81
[Log][2020-06-30 17:37:06 502] [2020-06-30 17:37:06 501] New 5: 	x = 0	y = -490	height = 122
[Log][2020-06-30 17:37:06 504] [2020-06-30 17:37:06 503] New 6: 	x = 0	y = -612	height = 132
[Log][2020-06-30 17:37:06 505] [2020-06-30 17:37:06 505] New 0: 	x = 0	y = 0	height = 300
[Log][2020-06-30 17:37:06 507] [2020-06-30 17:37:06 506] New 1: 	x = 139	y = 0	height = 300
[Log][2020-06-30 17:37:06 508] [2020-06-30 17:37:06 507] New 2: 	x = 289	y = 0	height = 300
[Log][2020-06-30 17:37:06 510] [2020-06-30 17:37:06 509] New 3: 	x = 422	y = 0	height = 300
[Log][2020-06-30 17:37:06 511] [2020-06-30 17:37:06 510] New 4: 	x = 564	y = 0	height = 300
[Log][2020-06-30 17:37:06 512] [2020-06-30 17:37:06 511] New 5: 	x = 691	y = 0	height = 300
[Log][2020-06-30 17:37:06 513] [2020-06-30 17:37:06 512] New 6: 	x = 820	y = 0	height = 300
[Log][2020-06-30 17:37:11 820] [2020-06-30 17:37:11 819] New 7: 	x = 966	y = 0	height = 300
[Log][2020-06-30 17:37:11 913] [2020-06-30 17:37:11 912] New 8: 	x = 1118	y = 0	height = 300
[Log][2020-06-30 17:37:12 046] [2020-06-30 17:37:12 045] New 9: 	x = 1244	y = 0	height = 300
[Log][2020-06-30 17:37:12 296] [2020-06-30 17:37:12 295] New 10: 	x = 1403	y = 0	height = 300
[Log][2020-06-30 17:37:12 649] [2020-06-30 17:37:12 649] New 11: 	x = 1525	y = 0	height = 300
[Log][2020-06-30 17:37:12 651] [2020-06-30 17:37:12 650] New 12: 	x = 1669	y = 0	height = 300
[Log][2020-06-30 17:37:12 651] [2020-06-30 17:37:12 651] New 13: 	x = 1808	y = 0	height = 300
[Log][2020-06-30 17:37:12 652] [2020-06-30 17:37:12 651] New 14: 	x = 1949	y = 0	height = 300
[Log][2020-06-30 17:37:12 653] [2020-06-30 17:37:12 652] New 15: 	x = 2099	y = 0	height = 300
[Log][2020-06-30 17:37:12 653] [2020-06-30 17:37:12 653] New 16: 	x = 2230	y = 0	height = 300
[Log][2020-06-30 17:37:18 924] [2020-06-30 17:37:18 923] New 7: 	x = 0	y = -744	height = 103
[Log][2020-06-30 17:37:18 965] [2020-06-30 17:37:18 965] New 8: 	x = 0	y = -847	height = 103
[Log][2020-06-30 17:37:19 026] [2020-06-30 17:37:19 025] New 9: 	x = 0	y = -950	height = 111
[Log][2020-06-30 17:37:19 109] [2020-06-30 17:37:19 108] New 10: 	x = 0	y = -1061	height = 77
[Log][2020-06-30 17:37:19 171] [2020-06-30 17:37:19 171] New 11: 	x = 0	y = -1138	height = 146
[Log][2020-06-30 17:37:19 335] [2020-06-30 17:37:19 334] New 12: 	x = 0	y = -1284	height = 67
[Log][2020-06-30 17:37:19 434] [2020-06-30 17:37:19 433] New 13: 	x = 0	y = -1351	height = 128
[Log][2020-06-30 17:37:19 688] [2020-06-30 17:37:19 687] New 14: 	x = 0	y = -1479	height = 108
[Log][2020-06-30 17:37:20 102] [2020-06-30 17:37:20 101] New 15: 	x = 0	y = -1587	height = 69
[Log][2020-06-30 17:37:20 861] [2020-06-30 17:37:20 860] New 16: 	x = 0	y = -1656	height = 111
[Log][2020-06-30 17:37:20 862] [2020-06-30 17:37:20 861] New 17: 	x = 0	y = -1767	height = 116
[Log][2020-06-30 17:37:20 929] [2020-06-30 17:37:20 928] New 18: 	x = 0	y = -1883	height = 118
[Log][2020-06-30 17:37:21 032] [2020-06-30 17:37:21 029] New 19: 	x = 0	y = -2001	height = 144
[Log][2020-06-30 17:37:21 186] [2020-06-30 17:37:21 185] New 20: 	x = 0	y = -2145	height = 106
[Log][2020-06-30 17:37:21 360] [2020-06-30 17:37:21 359] New 21: 	x = 0	y = -2251	height = 134
[Log][2020-06-30 17:37:21 673] [2020-06-30 17:37:21 672] New 22: 	x = 0	y = -2385	height = 131
[Log][2020-06-30 17:37:22 983] [2020-06-30 17:37:22 983] New 15: 	x = 0	y = -1587	height = 69
[Log][2020-06-30 17:37:23 674] [2020-06-30 17:37:23 673] New 22: 	x = 0	y = -2385	height = 131
[Log][2020-06-30 17:37:23 756] [2020-06-30 17:37:23 755] New 23: 	x = 0	y = -2516	height = 114
[Log][2020-06-30 17:37:23 847] [2020-06-30 17:37:23 846] New 24: 	x = 0	y = -2630	height = 115
[Log][2020-06-30 17:37:23 959] [2020-06-30 17:37:23 958] New 25: 	x = 0	y = -2745	height = 119
[Log][2020-06-30 17:37:24 128] [2020-06-30 17:37:24 127] New 26: 	x = 0	y = -2864	height = 118
[Log][2020-06-30 17:37:24 363] [2020-06-30 17:37:24 362] New 27: 	x = 0	y = -2982	height = 92
[Log][2020-06-30 17:37:24 545] [2020-06-30 17:37:24 544] New 21: 	x = 0	y = -2254	height = 106
[Log][2020-06-30 17:37:25 415] [2020-06-30 17:37:25 415] New 20: 	x = 0	y = -2110	height = 144
[Log][2020-06-30 17:37:25 935] [2020-06-30 17:37:25 934] New 19: 	x = 0	y = -1992	height = 118
[Log][2020-06-30 17:37:25 973] [2020-06-30 17:37:25 973] New 18: 	x = 0	y = -1876	height = 116
[Log][2020-06-30 17:37:26 087] [2020-06-30 17:37:26 086] New 17: 	x = 0	y = -1765	height = 111
[Log][2020-06-30 17:37:26 248] [2020-06-30 17:37:26 247] New 16: 	x = 0	y = -1696	height = 69
[Log][2020-06-30 17:37:26 448] [2020-06-30 17:37:26 447] New 15: 	x = 0	y = -1588	height = 108
[Log][2020-06-30 17:37:26 501] [2020-06-30 17:37:26 500] New 14: 	x = 0	y = -1460	height = 128
[Log][2020-06-30 17:37:26 685] [2020-06-30 17:37:26 684] New 13: 	x = 0	y = -1393	height = 67
[Log][2020-06-30 17:37:26 905] [2020-06-30 17:37:26 904] New 12: 	x = 0	y = -1247	height = 146
[Log][2020-06-30 17:37:27 158] [2020-06-30 17:37:27 157] New 11: 	x = 0	y = -1170	height = 77
[Log][2020-06-30 17:37:27 290] [2020-06-30 17:37:27 289] New 10: 	x = 0	y = -1061	height = 109
[Log][2020-06-30 17:37:27 562] [2020-06-30 17:37:27 562] New 9: 	x = 0	y = -950	height = 111
[Log][2020-06-30 17:37:27 795] [2020-06-30 17:37:27 794] New 8: 	x = 0	y = -847	height = 103
[Log][2020-06-30 17:37:29 823] [2020-06-30 17:37:29 821] New 10: 	x = 0	y = -1061	height = 149
[Log][2020-06-30 17:37:30 700] [2020-06-30 17:37:30 699] New 10: 	x = 0	y = -1061	height = 84
[Log][2020-06-30 17:37:32 572] [2020-06-30 17:37:32 571] New 10: 	x = 0	y = -1061	height = 79
[Log][2020-06-30 17:37:33 492] [2020-06-30 17:37:33 492] New 7: 	x = 0	y = -744	height = 103
[Log][2020-06-30 17:37:33 760] [2020-06-30 17:37:33 753] New 15: 	x = 0	y = -1559	height = 146
[Log][2020-06-30 17:37:33 802] [2020-06-30 17:37:33 801] New 16: 	x = 0	y = -1705	height = 67
[Log][2020-06-30 17:37:33 803] [2020-06-30 17:37:33 802] New 17: 	x = 0	y = -1772	height = 128
[Log][2020-06-30 17:37:33 837] [2020-06-30 17:37:33 837] New 18: 	x = 0	y = -1900	height = 108
[Log][2020-06-30 17:37:33 871] [2020-06-30 17:37:33 870] New 19: 	x = 0	y = -2008	height = 69
[Log][2020-06-30 17:37:33 904] [2020-06-30 17:37:33 903] New 20: 	x = 0	y = -2077	height = 111
[Log][2020-06-30 17:37:33 954] [2020-06-30 17:37:33 953] New 21: 	x = 0	y = -2188	height = 116
[Log][2020-06-30 17:37:34 004] [2020-06-30 17:37:34 003] New 22: 	x = 0	y = -2304	height = 118
[Log][2020-06-30 17:37:34 075] [2020-06-30 17:37:34 074] New 23: 	x = 0	y = -2422	height = 144
[Log][2020-06-30 17:37:34 175] [2020-06-30 17:37:34 174] New 24: 	x = 0	y = -2566	height = 106
[Log][2020-06-30 17:37:34 252] [2020-06-30 17:37:34 251] New 25: 	x = 0	y = -2672	height = 134
[Log][2020-06-30 17:37:34 385] [2020-06-30 17:37:34 384] New 26: 	x = 0	y = -2806	height = 131
[Log][2020-06-30 17:37:34 568] [2020-06-30 17:37:34 567] New 27: 	x = 0	y = -2937	height = 114
[Log][2020-06-30 17:37:34 799] [2020-06-30 17:37:34 798] New 28: 	x = 0	y = -3051	height = 115
[Log][2020-06-30 17:37:35 233] [2020-06-30 17:37:35 232] New 29: 	x = 0	y = -3166	height = 119
[Log][2020-06-30 17:37:37 039] [2020-06-30 17:37:37 038] New 29: 	x = 0	y = -3174	height = 119
[Log][2020-06-30 17:37:39 248] [2020-06-30 17:37:39 247] New 23: 	x = 0	y = -2408	height = 144
[Log][2020-06-30 17:37:39 365] [2020-06-30 17:37:39 364] New 22: 	x = 0	y = -2290	height = 118
[Log][2020-06-30 17:37:39 635] [2020-06-30 17:37:39 634] New 21: 	x = 0	y = -2174	height = 116
[Log][2020-06-30 17:37:39 866] [2020-06-30 17:37:39 865] New 20: 	x = 0	y = -2063	height = 111
[Log][2020-06-30 17:37:40 103] [2020-06-30 17:37:40 103] New 19: 	x = 0	y = -1994	height = 69
[Log][2020-06-30 17:37:40 294] [2020-06-30 17:37:40 293] New 17: 	x = 0	y = -1758	height = 128
[Log][2020-06-30 17:37:40 294] [2020-06-30 17:37:40 294] New 18: 	x = 0	y = -1886	height = 108
[Log][2020-06-30 17:37:40 396] [2020-06-30 17:37:40 395] New 16: 	x = 0	y = -1691	height = 67
[Log][2020-06-30 17:37:40 446] [2020-06-30 17:37:40 445] New 15: 	x = 0	y = -1545	height = 146
[Log][2020-06-30 17:37:40 616] [2020-06-30 17:37:40 615] New 14: 	x = 0	y = -1468	height = 77
[Log][2020-06-30 17:37:40 723] [2020-06-30 17:37:40 722] New 13: 	x = 0	y = -1359	height = 109
[Log][2020-06-30 17:37:40 818] [2020-06-30 17:37:40 818] New 12: 	x = 0	y = -1210	height = 149
[Log][2020-06-30 17:37:40 885] [2020-06-30 17:37:40 884] New 11: 	x = 0	y = -1126	height = 84
[Log][2020-06-30 17:37:40 924] [2020-06-30 17:37:40 923] New 10: 	x = 0	y = -1061	height = 65
[Log][2020-06-30 17:37:40 974] [2020-06-30 17:37:40 973] New 9: 	x = 0	y = -950	height = 111
[Log][2020-06-30 17:37:41 064] [2020-06-30 17:37:41 063] New 8: 	x = 0	y = -847	height = 103
[Log][2020-06-30 17:37:41 130] [2020-06-30 17:37:41 129] New 7: 	x = 0	y = -744	height = 103
[Log][2020-06-30 17:37:41 249] [2020-06-30 17:37:41 248] New 6: 	x = 0	y = -612	height = 132
[Log][2020-06-30 17:37:41 783] [2020-06-30 17:37:41 783] New 13: 	x = 0	y = -1359	height = 109
[Log][2020-06-30 17:37:45 954] [2020-06-30 17:37:45 953] New 13: 	x = 0	y = -1377	height = 109
[Log][2020-06-30 17:37:46 684] [2020-06-30 17:37:46 683] New 13: 	x = 0	y = -1419	height = 109
[Log][2020-06-30 17:37:48 358] [2020-06-30 17:37:48 357] New 13: 	x = 0	y = -1396	height = 109
[Log][2020-06-30 17:37:50 498] [2020-06-30 17:37:50 497] New 13: 	x = 0	y = -1382	height = 109
[Exception][2020-06-30 17:39:06 488] NullReferenceException: Object reference not set to an instance of an object
[Log][2020-06-30 17:39:07 283] [2020-06-30 17:39:07 282] New 0: 	x = 0	y = 0	height = 62
[Log][2020-06-30 17:39:07 285] [2020-06-30 17:39:07 284] New 1: 	x = 0	y = -62	height = 128
[Log][2020-06-30 17:39:07 286] [2020-06-30 17:39:07 285] New 2: 	x = 0	y = -190	height = 63
[Log][2020-06-30 17:39:07 293] [2020-06-30 17:39:07 287] New 3: 	x = 0	y = -253	height = 140
[Log][2020-06-30 17:39:07 294] [2020-06-30 17:39:07 293] New 4: 	x = 0	y = -393	height = 140
[Log][2020-06-30 17:39:07 296] [2020-06-30 17:39:07 295] New 5: 	x = 0	y = -533	height = 113
[Log][2020-06-30 17:39:07 297] [2020-06-30 17:39:07 296] New 6: 	x = 0	y = -646	height = 89
[Log][2020-06-30 17:39:07 298] [2020-06-30 17:39:07 297] New 0: 	x = 0	y = 0	height = 300
[Log][2020-06-30 17:39:07 300] [2020-06-30 17:39:07 299] New 1: 	x = 122	y = 0	height = 300
[Log][2020-06-30 17:39:07 301] [2020-06-30 17:39:07 300] New 2: 	x = 266	y = 0	height = 300
[Log][2020-06-30 17:39:07 302] [2020-06-30 17:39:07 301] New 3: 	x = 394	y = 0	height = 300
[Log][2020-06-30 17:39:07 303] [2020-06-30 17:39:07 303] New 4: 	x = 529	y = 0	height = 300
[Log][2020-06-30 17:39:07 305] [2020-06-30 17:39:07 304] New 5: 	x = 666	y = 0	height = 300
[Log][2020-06-30 17:39:07 306] [2020-06-30 17:39:07 305] New 6: 	x = 812	y = 0	height = 300
[Log][2020-06-30 17:39:08 013] [2020-06-30 17:39:08 012] New 7: 	x = 0	y = -735	height = 71
[Log][2020-06-30 17:39:08 013] [2020-06-30 17:39:08 013] New 8: 	x = 0	y = -806	height = 72
[Log][2020-06-30 17:39:08 067] [2020-06-30 17:39:08 067] New 9: 	x = 0	y = -878	height = 119
[Log][2020-06-30 17:39:08 164] [2020-06-30 17:39:08 163] New 10: 	x = 0	y = -997	height = 108
[Log][2020-06-30 17:39:08 262] [2020-06-30 17:39:08 261] New 11: 	x = 0	y = -1105	height = 97
[Log][2020-06-30 17:39:08 453] [2020-06-30 17:39:08 453] New 12: 	x = 0	y = -1202	height = 123
[Log][2020-06-30 17:39:08 498] [2020-06-30 17:39:08 497] New 13: 	x = 0	y = -1325	height = 141
[Log][2020-06-30 17:39:08 615] [2020-06-30 17:39:08 615] New 14: 	x = 0	y = -1466	height = 141
[Log][2020-06-30 17:39:08 858] [2020-06-30 17:39:08 857] New 15: 	x = 0	y = -1607	height = 79
[Log][2020-06-30 17:39:08 859] [2020-06-30 17:39:08 858] New 16: 	x = 0	y = -1686	height = 127
[Log][2020-06-30 17:39:08 920] [2020-06-30 17:39:08 919] New 17: 	x = 0	y = -1813	height = 67
[Log][2020-06-30 17:39:08 970] [2020-06-30 17:39:08 969] New 18: 	x = 0	y = -1880	height = 82
[Log][2020-06-30 17:39:09 033] [2020-06-30 17:39:09 032] New 19: 	x = 0	y = -1962	height = 141
[Log][2020-06-30 17:39:09 175] [2020-06-30 17:39:09 174] New 20: 	x = 0	y = -2103	height = 104
[Log][2020-06-30 17:39:09 334] [2020-06-30 17:39:09 333] New 21: 	x = 0	y = -2207	height = 94
[Log][2020-06-30 17:39:09 362] [2020-06-30 17:39:09 362] New 22: 	x = 0	y = -2301	height = 81
[Log][2020-06-30 17:39:09 435] [2020-06-30 17:39:09 434] New 23: 	x = 0	y = -2382	height = 90
[Log][2020-06-30 17:39:09 531] [2020-06-30 17:39:09 531] New 24: 	x = 0	y = -2472	height = 141
[Log][2020-06-30 17:39:09 783] [2020-06-30 17:39:09 782] New 25: 	x = 0	y = -2613	height = 87
[Log][2020-06-30 17:39:09 784] [2020-06-30 17:39:09 783] New 26: 	x = 0	y = -2700	height = 113
[Log][2020-06-30 17:39:09 826] [2020-06-30 17:39:09 825] New 27: 	x = 0	y = -2813	height = 142
[Log][2020-06-30 17:39:09 906] [2020-06-30 17:39:09 900] New 28: 	x = 0	y = -2955	height = 74
[Log][2020-06-30 17:39:09 957] [2020-06-30 17:39:09 957] New 29: 	x = 0	y = -3029	height = 96
[Log][2020-06-30 17:39:10 176] [2020-06-30 17:39:10 175] New 23: 	x = 0	y = -2382	height = 90
[Log][2020-06-30 17:39:10 396] [2020-06-30 17:39:10 395] New 23: 	x = 0	y = -2382	height = 90
[Log][2020-06-30 17:39:10 879] [2020-06-30 17:39:10 878] New 23: 	x = 0	y = -2382	height = 90
[Log][2020-06-30 17:39:11 378] [2020-06-30 17:39:11 377] New 23: 	x = 0	y = -2382	height = 90
[Log][2020-06-30 17:39:11 723] [2020-06-30 17:39:11 722] New 23: 	x = 0	y = -2382	height = 90
[Log][2020-06-30 17:39:12 506] [2020-06-30 17:39:12 506] New 23: 	x = 0	y = -2382	height = 90
[Log][2020-06-30 17:39:13 345] [2020-06-30 17:39:13 344] New 23: 	x = 0	y = -2382	height = 90
[Log][2020-06-30 17:39:13 496] [2020-06-30 17:39:13 495] New 22: 	x = 0	y = -2301	height = 81
[Log][2020-06-30 17:39:13 538] [2020-06-30 17:39:13 538] New 21: 	x = 0	y = -2207	height = 94
[Log][2020-06-30 17:39:13 577] [2020-06-30 17:39:13 576] New 20: 	x = 0	y = -2103	height = 104
[Log][2020-06-30 17:39:13 635] [2020-06-30 17:39:13 635] New 19: 	x = 0	y = -1962	height = 141
[Log][2020-06-30 17:39:13 755] [2020-06-30 17:39:13 754] New 18: 	x = 0	y = -1880	height = 82
[Log][2020-06-30 17:39:13 936] [2020-06-30 17:39:13 935] New 16: 	x = 0	y = -1686	height = 127
[Log][2020-06-30 17:39:13 937] [2020-06-30 17:39:13 936] New 17: 	x = 0	y = -1813	height = 67
[Log][2020-06-30 17:39:13 998] [2020-06-30 17:39:13 997] New 15: 	x = 0	y = -1607	height = 79
[Log][2020-06-30 17:39:14 069] [2020-06-30 17:39:14 069] New 14: 	x = 0	y = -1466	height = 141
[Log][2020-06-30 17:39:14 193] [2020-06-30 17:39:14 192] New 13: 	x = 0	y = -1325	height = 141
[Log][2020-06-30 17:39:14 392] [2020-06-30 17:39:14 391] New 12: 	x = 0	y = -1202	height = 123
[Log][2020-06-30 17:39:14 458] [2020-06-30 17:39:14 457] New 11: 	x = 0	y = -1105	height = 97
[Log][2020-06-30 17:39:14 564] [2020-06-30 17:39:14 564] New 10: 	x = 0	y = -997	height = 108
[Log][2020-06-30 17:39:14 797] [2020-06-30 17:39:14 796] New 9: 	x = 0	y = -878	height = 119
[Log][2020-06-30 17:39:14 828] [2020-06-30 17:39:14 827] New 8: 	x = 0	y = -806	height = 72
[Log][2020-06-30 17:39:14 901] [2020-06-30 17:39:14 900] New 7: 	x = 0	y = -735	height = 71
[Log][2020-06-30 17:39:14 984] [2020-06-30 17:39:14 983] New 6: 	x = 0	y = -646	height = 89
[Log][2020-06-30 17:39:15 199] [2020-06-30 17:39:15 199] New 4: 	x = 0	y = -393	height = 140
[Log][2020-06-30 17:39:15 200] [2020-06-30 17:39:15 200] New 5: 	x = 0	y = -533	height = 113
[Log][2020-06-30 17:39:15 339] [2020-06-30 17:39:15 338] New 3: 	x = 0	y = -253	height = 140
[Log][2020-06-30 17:39:15 474] [2020-06-30 17:39:15 473] New 2: 	x = 0	y = -190	height = 63
[Log][2020-06-30 17:39:15 566] [2020-06-30 17:39:15 565] New 1: 	x = 0	y = -62	height = 128
[Log][2020-06-30 17:39:15 754] [2020-06-30 17:39:15 753] New 0: 	x = 0	y = 0	height = 62
[Log][2020-06-30 17:39:15 971] [2020-06-30 17:39:15 970] New 6: 	x = 0	y = -646	height = 89
[Log][2020-06-30 17:39:16 698] [2020-06-30 17:39:16 697] New 6: 	x = 0	y = -646	height = 89
[Log][2020-06-30 17:39:17 137] [2020-06-30 17:39:17 136] New 6: 	x = 0	y = -646	height = 89
[Log][2020-06-30 17:39:19 691] [2020-06-30 17:39:19 690] New 0: 	x = 0	y = 0	height = 82
[Log][2020-06-30 17:39:19 692] [2020-06-30 17:39:19 691] New 1: 	x = 0	y = -82	height = 100
[Log][2020-06-30 17:39:19 694] [2020-06-30 17:39:19 693] New 2: 	x = 0	y = -182	height = 145
[Log][2020-06-30 17:39:19 696] [2020-06-30 17:39:19 695] New 3: 	x = 0	y = -327	height = 80
[Log][2020-06-30 17:39:19 697] [2020-06-30 17:39:19 696] New 4: 	x = 0	y = -407	height = 142
[Log][2020-06-30 17:39:19 699] [2020-06-30 17:39:19 698] New 5: 	x = 0	y = -549	height = 67
[Log][2020-06-30 17:39:19 700] [2020-06-30 17:39:19 699] New 6: 	x = 0	y = -616	height = 99
[Log][2020-06-30 17:39:19 701] [2020-06-30 17:39:19 700] New 0: 	x = 0	y = 0	height = 300
[Log][2020-06-30 17:39:19 703] [2020-06-30 17:39:19 702] New 1: 	x = 133	y = 0	height = 300
[Log][2020-06-30 17:39:19 703] [2020-06-30 17:39:19 703] New 2: 	x = 272	y = 0	height = 300
[Log][2020-06-30 17:39:19 705] [2020-06-30 17:39:19 704] New 3: 	x = 412	y = 0	height = 300
[Log][2020-06-30 17:39:19 706] [2020-06-30 17:39:19 705] New 4: 	x = 533	y = 0	height = 300
[Log][2020-06-30 17:39:19 707] [2020-06-30 17:39:19 707] New 5: 	x = 690	y = 0	height = 300
[Log][2020-06-30 17:39:19 709] [2020-06-30 17:39:19 708] New 6: 	x = 829	y = 0	height = 300
[Log][2020-06-30 17:39:20 626] [2020-06-30 17:39:20 626] New 7: 	x = 959	y = 0	height = 300
[Log][2020-06-30 17:39:20 666] [2020-06-30 17:39:20 665] New 8: 	x = 1117	y = 0	height = 300
[Log][2020-06-30 17:39:20 707] [2020-06-30 17:39:20 706] New 9: 	x = 1246	y = 0	height = 300
[Log][2020-06-30 17:39:20 734] [2020-06-30 17:39:20 734] New 10: 	x = 1369	y = 0	height = 300
[Log][2020-06-30 17:39:20 798] [2020-06-30 17:39:20 797] New 11: 	x = 1513	y = 0	height = 300
[Log][2020-06-30 17:39:20 845] [2020-06-30 17:39:20 845] New 12: 	x = 1648	y = 0	height = 300
[Log][2020-06-30 17:39:20 912] [2020-06-30 17:39:20 912] New 13: 	x = 1771	y = 0	height = 300
[Log][2020-06-30 17:39:20 985] [2020-06-30 17:39:20 984] New 14: 	x = 1907	y = 0	height = 300
[Log][2020-06-30 17:39:21 151] [2020-06-30 17:39:21 150] New 15: 	x = 2037	y = 0	height = 300
[Log][2020-06-30 17:39:21 196] [2020-06-30 17:39:21 195] New 16: 	x = 2184	y = 0	height = 300
[Log][2020-06-30 17:39:21 273] [2020-06-30 17:39:21 272] New 17: 	x = 2313	y = 0	height = 300
[Log][2020-06-30 17:39:21 393] [2020-06-30 17:39:21 393] New 18: 	x = 2441	y = 0	height = 300
[Log][2020-06-30 17:39:21 651] [2020-06-30 17:39:21 650] New 19: 	x = 2585	y = 0	height = 300
[Log][2020-06-30 17:39:21 652] [2020-06-30 17:39:21 651] New 20: 	x = 2716	y = 0	height = 300
[Log][2020-06-30 17:39:21 652] [2020-06-30 17:39:21 652] New 21: 	x = 2859	y = 0	height = 300
[Log][2020-06-30 17:39:21 679] [2020-06-30 17:39:21 678] New 22: 	x = 3009	y = 0	height = 300
[Log][2020-06-30 17:39:21 720] [2020-06-30 17:39:21 719] New 23: 	x = 3167	y = 0	height = 300
[Log][2020-06-30 17:39:21 754] [2020-06-30 17:39:21 753] New 24: 	x = 3310	y = 0	height = 300
[Log][2020-06-30 17:39:21 796] [2020-06-30 17:39:21 796] New 25: 	x = 3445	y = 0	height = 300
[Log][2020-06-30 17:39:21 859] [2020-06-30 17:39:21 858] New 26: 	x = 3580	y = 0	height = 300
[Log][2020-06-30 17:39:21 910] [2020-06-30 17:39:21 909] New 27: 	x = 3728	y = 0	height = 300
[Log][2020-06-30 17:39:21 989] [2020-06-30 17:39:21 988] New 28: 	x = 3860	y = 0	height = 300
[Log][2020-06-30 17:39:22 055] [2020-06-30 17:39:22 055] New 29: 	x = 4008	y = 0	height = 300
[Log][2020-06-30 17:39:22 365] [2020-06-30 17:39:22 364] New 23: 	x = 3167	y = 0	height = 300
[Log][2020-06-30 17:39:22 555] [2020-06-30 17:39:22 554] New 24: 	x = 3310	y = 0	height = 300
[Log][2020-06-30 17:39:22 758] [2020-06-30 17:39:22 757] New 23: 	x = 3167	y = 0	height = 300
[Log][2020-06-30 17:39:26 113] [2020-06-30 17:39:26 112] New 0: 	x = 0	y = 0	height = 111
[Log][2020-06-30 17:39:26 115] [2020-06-30 17:39:26 114] New 1: 	x = 0	y = -111	height = 90
[Log][2020-06-30 17:39:26 117] [2020-06-30 17:39:26 116] New 2: 	x = 0	y = -201	height = 74
[Log][2020-06-30 17:39:26 119] [2020-06-30 17:39:26 118] New 3: 	x = 0	y = -275	height = 62
[Log][2020-06-30 17:39:26 120] [2020-06-30 17:39:26 120] New 4: 	x = 0	y = -337	height = 67
[Log][2020-06-30 17:39:26 123] [2020-06-30 17:39:26 121] New 5: 	x = 0	y = -404	height = 98
[Log][2020-06-30 17:39:26 125] [2020-06-30 17:39:26 123] New 6: 	x = 0	y = -502	height = 77
[Log][2020-06-30 17:39:26 126] [2020-06-30 17:39:26 126] New 7: 	x = 0	y = -579	height = 106
[Log][2020-06-30 17:39:26 128] [2020-06-30 17:39:26 127] New 0: 	x = 0	y = 0	height = 300
[Log][2020-06-30 17:39:26 129] [2020-06-30 17:39:26 128] New 1: 	x = 134	y = 0	height = 300
[Log][2020-06-30 17:39:26 131] [2020-06-30 17:39:26 130] New 2: 	x = 292	y = 0	height = 300
[Log][2020-06-30 17:39:26 133] [2020-06-30 17:39:26 132] New 3: 	x = 433	y = 0	height = 300
[Log][2020-06-30 17:39:26 135] [2020-06-30 17:39:26 134] New 4: 	x = 588	y = 0	height = 300
[Log][2020-06-30 17:39:26 136] [2020-06-30 17:39:26 135] New 5: 	x = 745	y = 0	height = 300
[Exception][2020-06-30 17:39:29 777] NullReferenceException: Object reference not set to an instance of an object
