
------------------D:/WorkSpace2108/SimpleGameFrame/SimpleGameFrame\Cache/Log/Sth_2020_06_30_17_35_16.log--------------------
[Log][2020-06-30 17:35:16 303] Logger Beginning
[Log][2020-06-30 17:35:16 352] [2020-06-30 17:35:16 347] StartGame
[Log][2020-06-30 17:35:20 344] [2020-06-30 17:35:20 343] New 0: 	x = 0	y = 0	height = 121
[Log][2020-06-30 17:35:20 353] [2020-06-30 17:35:20 346] New 1: 	x = 0	y = -121	height = 110
[Log][2020-06-30 17:35:20 355] [2020-06-30 17:35:20 354] New 2: 	x = 0	y = -231	height = 126
[Log][2020-06-30 17:35:20 357] [2020-06-30 17:35:20 356] New 3: 	x = 0	y = -357	height = 91
[Log][2020-06-30 17:35:20 359] [2020-06-30 17:35:20 358] New 4: 	x = 0	y = -448	height = 91
[Log][2020-06-30 17:35:20 361] [2020-06-30 17:35:20 360] New 5: 	x = 0	y = -539	height = 134
[Log][2020-06-30 17:35:20 363] [2020-06-30 17:35:20 362] New 0: 	x = 0	y = 0	height = 300
[Log][2020-06-30 17:35:20 364] [2020-06-30 17:35:20 363] New 1: 	x = 151	y = 0	height = 300
[Log][2020-06-30 17:35:20 365] [2020-06-30 17:35:20 365] New 2: 	x = 280	y = 0	height = 300
[Log][2020-06-30 17:35:20 367] [2020-06-30 17:35:20 366] New 3: 	x = 411	y = 0	height = 300
[Log][2020-06-30 17:35:20 368] [2020-06-30 17:35:20 367] New 4: 	x = 554	y = 0	height = 300
[Log][2020-06-30 17:35:20 370] [2020-06-30 17:35:20 369] New 5: 	x = 712	y = 0	height = 300
[Log][2020-06-30 17:35:22 714] [2020-06-30 17:35:22 714] New 9: 	x = 0	y = -1000	height = 75
[Log][2020-06-30 17:35:22 715] [2020-06-30 17:35:22 715] New 10: 	x = 0	y = -1075	height = 90
[Log][2020-06-30 17:35:22 716] [2020-06-30 17:35:22 715] New 11: 	x = 0	y = -1165	height = 148
[Log][2020-06-30 17:35:22 716] [2020-06-30 17:35:22 716] New 12: 	x = 0	y = -1313	height = 111
[Log][2020-06-30 17:35:22 717] [2020-06-30 17:35:22 717] New 13: 	x = 0	y = -1424	height = 77
[Log][2020-06-30 17:35:22 718] [2020-06-30 17:35:22 717] New 14: 	x = 0	y = -1501	height = 69
[Log][2020-06-30 17:35:22 718] [2020-06-30 17:35:22 718] New 15: 	x = 0	y = -1570	height = 134
[Log][2020-06-30 17:35:22 719] [2020-06-30 17:35:22 719] New 16: 	x = 0	y = -1704	height = 92
[Log][2020-06-30 17:35:23 831] [2020-06-30 17:35:23 830] New 8: 	x = 0	y = -880	height = 120
[Log][2020-06-30 17:35:23 886] [2020-06-30 17:35:23 885] New 7: 	x = 0	y = -744	height = 136
[Log][2020-06-30 17:35:24 017] [2020-06-30 17:35:24 017] New 6: 	x = 0	y = -673	height = 71
[Log][2020-06-30 17:35:24 101] [2020-06-30 17:35:24 100] New 5: 	x = 0	y = -539	height = 134
[Log][2020-06-30 17:35:24 349] [2020-06-30 17:35:24 348] New 13: 	x = 0	y = -1424	height = 77
[Log][2020-06-30 17:35:24 350] [2020-06-30 17:35:24 349] New 14: 	x = 0	y = -1501	height = 69
[Log][2020-06-30 17:35:24 389] [2020-06-30 17:35:24 389] New 15: 	x = 0	y = -1570	height = 134
[Log][2020-06-30 17:35:24 551] [2020-06-30 17:35:24 550] New 7: 	x = 0	y = -744	height = 136
[Log][2020-06-30 17:35:24 591] [2020-06-30 17:35:24 591] New 6: 	x = 0	y = -673	height = 71
[Log][2020-06-30 17:35:24 636] [2020-06-30 17:35:24 634] New 4: 	x = 0	y = -448	height = 91
[Log][2020-06-30 17:35:24 637] [2020-06-30 17:35:24 636] New 5: 	x = 0	y = -539	height = 134
[Log][2020-06-30 17:35:24 690] [2020-06-30 17:35:24 689] New 3: 	x = 0	y = -357	height = 91
[Log][2020-06-30 17:35:24 724] [2020-06-30 17:35:24 724] New 2: 	x = 0	y = -231	height = 126
[Log][2020-06-30 17:35:24 782] [2020-06-30 17:35:24 781] New 1: 	x = 0	y = -121	height = 110
[Log][2020-06-30 17:35:24 836] [2020-06-30 17:35:24 835] New 0: 	x = 0	y = 0	height = 121
[Warning][2020-06-30 17:36:50 964] Assets\Scripts\Game\PacMan\Ctrl\PacManFrontEndController.cs(16,26): warning CS0649: Field 'PacManFrontEndController.generationList' is never assigned to, and will always have its default value null
[Warning][2020-06-30 17:36:50 964] Assets\CatlikeCoding\MovingSphere.cs(19,15): warning CS0414: The field 'MovingSphere.bounciness' is assigned but its value is never used
[Warning][2020-06-30 17:36:50 964] Assets\CatlikeCoding\MovingSphere.cs(13,38): warning CS0414: The field 'MovingSphere.maxAirAcceleration' is assigned but its value is never used
[Warning][2020-06-30 17:36:50 964] Assets\Extensions\CircularScrollView\Scripts\CircularListController.cs(38,22): warning CS0414: The field 'CircularListController.isInit' is assigned but its value is never used
[Warning][2020-06-30 17:36:50 964] Assets\Scripts\Game\Chat\Ctrl\ChatMemberItemController.cs(11,13): warning CS0414: The field 'ChatMemberItemController.headFrameIdx' is assigned but its value is never used
[Warning][2020-06-30 17:36:50 964] Assets\Extensions\EmojiInline\Scripts\SpriteGraphic.cs(15,26): warning CS0414: The field 'SpriteGraphic._defaultMater' is assigned but its value is never used
[Warning][2020-06-30 17:36:50 964] Assets\Extensions\EmojiInline\Editor\DrawSpriteAsset.cs(10,24): warning CS0414: The field 'DrawSpriteAsset._assetPath' is assigned but its value is never used
