
------------------E:/UnityWorkSpace/NetworkTest\Cache/Log/Sth_2020_02_04_00_59_12.log--------------------
[Log][2020-02-04 00:59:12 751] Logger Beginning
[Log][2020-02-04 00:59:12 799] [2020-02-04 00:59:12 795] StartGame
[Log][2020-02-04 00:59:16 001] [2020-02-04 00:59:16 000] firstGen = {"Resolution":[4,0,1,1,0,1,0,0,4,4,0,1,1,0,4,0,3,1,1,4,1,4,1,3,4,3,4,4,0,1,1,0,1,0,3,3,4,0,4,1,4,4,3,4,4,3,3,4,1,4,1,3,3,2,1,0,1,1,1,1,0,0,3,1,0,4,1,1,1,0,2,3,0,4,0,1,3,0,2,1,4],"AvgScore":36,"Index":73}
[Log][2020-02-04 01:01:16 769] [2020-02-04 01:01:16 768] 第73代	最高分：39	{"Resolution":[4,0,1,1,0,1,0,0,4,4,0,1,1,0,4,0,3,1,1,4,1,4,1,3,4,3,4,4,0,1,1,0,1,0,3,1,4,0,4,1,4,4,3,4,4,3,3,4,1,1,1,3,3,2,1,0,1,1,1,1,0,0,3,1,0,4,1,1,1,0,2,3,0,4,0,1,3,0,2,0,4],"AvgScore":39,"Index":73}
[Log][2020-02-04 01:03:17 552] [2020-02-04 01:03:17 551] 第74代	最高分：38	{"Resolution":[4,0,1,1,0,1,0,0,4,4,0,1,1,0,4,0,4,1,1,4,1,4,1,3,4,3,4,4,0,1,1,0,1,0,3,1,4,0,4,1,4,4,3,4,4,3,3,4,1,1,1,3,3,2,1,0,1,1,1,1,0,0,3,1,0,4,1,1,1,0,2,3,0,4,0,1,3,0,2,0,4],"AvgScore":38,"Index":74}
[Log][2020-02-04 01:05:18 193] [2020-02-04 01:05:18 193] 第75代	最高分：41	{"Resolution":[4,0,1,1,0,1,0,0,4,4,0,1,1,0,4,0,4,1,1,4,1,4,1,3,4,3,4,4,0,1,1,0,1,0,3,1,4,0,4,1,4,4,3,4,4,3,3,4,1,1,1,3,3,2,1,0,1,1,0,1,0,0,3,1,0,4,1,1,1,0,2,3,0,4,0,1,3,0,2,0,4],"AvgScore":41,"Index":75}
[Log][2020-02-04 01:07:18 977] [2020-02-04 01:07:18 976] 第76代	最高分：40	{"Resolution":[4,0,1,1,0,1,0,0,4,4,0,1,1,0,4,0,4,1,1,4,1,4,1,3,4,3,4,4,0,1,1,0,1,0,3,1,4,0,4,1,4,4,3,4,4,3,0,4,1,1,1,3,3,2,1,0,1,1,0,1,0,0,3,1,0,4,1,1,1,0,2,3,0,4,0,1,3,0,2,0,4],"AvgScore":40,"Index":76}
[Log][2020-02-04 01:09:20 069] [2020-02-04 01:09:20 069] 第77代	最高分：42	{"Resolution":[4,0,1,1,0,1,0,0,2,4,0,3,1,0,4,0,4,1,1,4,1,4,1,3,4,3,4,4,0,1,1,0,1,0,3,1,4,0,4,1,4,4,3,4,4,3,0,4,1,1,1,3,3,2,1,0,1,1,0,1,0,0,3,1,0,4,1,1,1,0,2,3,0,4,0,1,3,0,2,0,4],"AvgScore":42,"Index":77}
[Log][2020-02-04 01:11:21 756] [2020-02-04 01:11:21 756] 第78代	最高分：39	{"Resolution":[4,0,1,1,0,1,0,0,2,4,0,3,1,0,4,0,4,1,1,4,1,4,1,3,4,3,4,4,0,1,1,0,1,0,3,1,4,0,4,1,4,4,3,4,4,3,4,4,1,1,1,3,3,2,1,0,1,1,0,1,0,0,3,1,0,4,1,1,1,0,2,3,0,4,0,1,3,0,2,2,4],"AvgScore":39,"Index":78}
[Log][2020-02-04 01:13:22 454] [2020-02-04 01:13:22 453] 第79代	最高分：36	{"Resolution":[4,0,1,1,0,1,0,0,2,4,0,3,1,0,4,0,4,1,1,4,1,4,1,3,4,3,4,4,0,1,1,0,1,0,3,1,4,0,4,1,4,3,3,4,4,3,4,4,1,1,1,3,3,2,1,0,1,1,0,1,0,4,3,1,0,4,1,1,1,0,2,3,0,4,0,1,3,0,2,2,4],"AvgScore":36,"Index":79}
[Log][2020-02-04 01:15:22 921] [2020-02-04 01:15:22 920] 第80代	最高分：40	{"Resolution":[4,0,1,1,0,1,0,0,2,4,0,3,1,0,4,0,4,1,1,4,1,4,1,3,4,3,1,4,0,1,1,0,1,0,3,1,4,0,4,1,4,3,3,4,4,3,4,4,1,1,1,3,3,2,1,0,1,1,0,1,0,4,3,1,0,4,1,1,1,0,2,3,0,4,0,1,3,0,2,2,0],"AvgScore":40,"Index":80}
[Log][2020-02-04 01:17:23 718] [2020-02-04 01:17:23 718] 第81代	最高分：36	{"Resolution":[4,0,1,1,0,1,0,0,2,4,0,3,1,0,4,0,4,1,1,4,1,4,1,1,4,3,1,4,0,1,1,0,1,0,3,1,4,0,4,1,4,3,3,4,4,3,4,4,1,1,1,3,3,2,1,0,1,1,0,1,0,4,3,1,0,4,1,1,1,0,2,1,0,4,0,1,3,0,2,2,0],"AvgScore":36,"Index":81}
[Log][2020-02-04 01:19:24 238] [2020-02-04 01:19:24 237] 第82代	最高分：42	{"Resolution":[4,0,1,1,0,1,0,0,2,4,0,3,1,0,4,0,4,1,1,4,1,4,1,1,4,3,1,4,0,1,1,0,1,0,3,1,4,0,4,1,4,3,3,4,4,3,4,4,1,1,1,3,3,2,1,0,1,1,0,1,0,4,3,1,0,4,1,1,1,0,2,1,0,4,0,1,3,2,4,2,0],"AvgScore":42,"Index":82}
[Log][2020-02-04 01:21:24 772] [2020-02-04 01:21:24 772] 第83代	最高分：46	{"Resolution":[4,0,1,1,0,1,0,0,2,4,0,3,1,0,4,0,4,1,1,4,1,4,1,1,4,3,1,4,0,1,1,0,1,0,3,1,4,0,1,1,4,3,3,4,4,3,4,4,1,1,1,3,3,2,1,0,1,1,0,1,0,4,0,1,0,4,1,1,1,0,2,1,0,4,0,1,3,2,4,2,0],"AvgScore":46,"Index":83}
[Log][2020-02-04 01:23:25 306] [2020-02-04 01:23:25 306] 第84代	最高分：45	{"Resolution":[4,0,1,1,0,1,0,0,2,4,0,3,1,0,4,0,4,1,1,4,1,4,1,1,4,3,1,4,0,1,1,0,1,0,3,1,4,0,1,1,4,3,3,4,4,3,4,4,1,1,1,3,3,2,1,0,1,1,0,1,0,4,0,1,0,4,1,1,1,0,2,1,3,4,0,1,3,2,4,2,0],"AvgScore":45,"Index":84}
[Log][2020-02-04 01:25:25 765] [2020-02-04 01:25:25 765] 第85代	最高分：43	{"Resolution":[4,0,1,1,0,1,0,0,2,4,0,3,1,0,4,0,4,1,1,4,1,4,1,1,4,3,1,4,0,1,1,0,1,0,3,1,4,0,1,1,4,3,3,4,0,3,4,4,1,1,1,3,3,2,1,0,1,1,0,1,0,4,0,1,0,4,1,1,1,0,2,1,3,4,0,1,3,2,4,2,0],"AvgScore":43,"Index":85}
[Log][2020-02-04 01:27:26 239] [2020-02-04 01:27:26 239] 第86代	最高分：40	{"Resolution":[4,0,1,1,0,1,0,0,2,4,0,3,1,0,4,0,4,1,1,4,1,4,1,1,4,3,1,4,0,1,1,0,1,0,3,3,4,0,1,1,4,3,3,4,0,3,4,4,1,1,1,3,3,2,1,0,1,1,0,1,0,4,0,1,0,4,1,1,1,0,2,1,3,4,0,1,3,2,4,2,0],"AvgScore":40,"Index":86}
[Log][2020-02-04 01:29:26 689] [2020-02-04 01:29:26 689] 第87代	最高分：40	{"Resolution":[4,0,1,1,0,1,0,0,2,4,0,3,1,0,4,0,4,1,1,4,1,4,1,1,4,3,1,4,0,1,1,0,1,0,3,3,4,0,1,1,4,3,3,4,0,3,1,4,1,1,1,3,3,2,1,0,1,1,0,1,0,4,0,1,0,4,1,1,1,0,2,1,3,4,0,1,3,2,4,2,0],"AvgScore":40,"Index":87}
[Log][2020-02-04 01:31:27 000] [2020-02-04 01:31:27 000] 第88代	最高分：42	{"Resolution":[4,0,1,1,0,1,0,0,2,4,0,3,1,0,4,0,4,1,1,4,1,4,1,1,4,3,1,4,0,1,1,0,1,0,3,3,4,0,1,1,4,3,3,4,0,3,1,3,1,1,1,3,3,2,1,0,1,1,0,1,0,4,0,1,0,4,1,1,1,0,2,1,3,4,0,1,3,2,4,2,0],"AvgScore":42,"Index":88}
[Log][2020-02-04 01:33:27 270] [2020-02-04 01:33:27 269] 第89代	最高分：41	{"Resolution":[4,0,1,1,0,1,0,0,2,4,0,3,1,0,4,0,4,1,1,4,1,4,1,1,4,3,1,4,0,1,1,0,1,0,3,3,4,0,1,1,4,3,3,4,3,3,1,3,1,1,1,3,3,2,1,0,1,1,0,1,0,4,0,1,0,4,1,1,1,0,2,1,3,4,0,1,4,2,4,2,0],"AvgScore":41,"Index":89}
[Log][2020-02-04 01:35:27 637] [2020-02-04 01:35:27 637] 第90代	最高分：39	{"Resolution":[4,0,1,1,0,1,0,0,2,4,0,3,1,0,4,0,4,1,1,4,1,4,1,1,4,3,1,4,0,1,1,0,1,0,0,3,4,0,1,1,4,3,3,4,3,3,1,3,1,1,1,3,3,2,1,0,1,1,0,1,0,4,0,1,0,4,1,1,1,0,2,1,3,4,0,1,4,2,4,2,0],"AvgScore":39,"Index":90}
[Log][2020-02-04 01:37:28 107] [2020-02-04 01:37:28 107] 第91代	最高分：42	{"Resolution":[4,0,1,1,0,1,0,0,2,4,0,3,1,0,4,0,4,1,1,4,1,4,1,1,4,3,1,4,0,1,1,0,1,0,0,3,4,0,1,1,4,3,3,4,3,3,1,3,1,1,1,3,3,2,1,0,1,1,0,1,0,4,0,1,0,4,1,1,1,0,2,1,3,4,1,1,4,2,4,2,0],"AvgScore":42,"Index":91}
[Log][2020-02-04 01:39:28 591] [2020-02-04 01:39:28 591] 第92代	最高分：44	{"Resolution":[4,0,1,1,0,1,0,0,2,4,0,3,1,0,4,0,4,4,1,4,1,4,1,1,4,3,1,4,0,1,1,0,1,0,0,3,4,0,1,1,4,3,3,4,3,3,1,3,1,1,1,3,3,2,1,0,1,1,0,1,0,4,0,1,0,4,1,1,1,0,2,1,3,4,1,1,4,2,4,2,0],"AvgScore":44,"Index":92}
[Log][2020-02-04 01:41:29 092] [2020-02-04 01:41:29 092] 第93代	最高分：43	{"Resolution":[4,0,1,1,0,1,0,0,0,4,0,3,1,0,4,0,4,4,1,4,1,4,1,1,4,3,1,4,0,1,1,0,1,0,0,3,4,0,1,1,4,3,3,4,3,3,1,3,1,1,1,3,3,2,1,0,1,1,0,1,0,4,0,1,0,4,1,1,1,0,2,1,3,4,1,1,4,2,4,2,0],"AvgScore":43,"Index":93}
[Log][2020-02-04 01:43:29 516] [2020-02-04 01:43:29 516] 第94代	最高分：43	{"Resolution":[4,0,1,1,0,1,0,0,4,4,0,3,1,0,4,0,4,4,1,4,1,4,1,1,4,3,1,4,0,1,1,0,1,0,0,3,4,0,1,1,4,3,3,4,3,3,1,3,1,1,1,3,3,2,1,0,1,1,0,1,0,4,0,1,0,4,1,1,1,0,2,1,3,4,1,1,4,2,4,2,0],"AvgScore":43,"Index":94}
[Log][2020-02-04 01:45:29 818] [2020-02-04 01:45:29 817] 第95代	最高分：44	{"Resolution":[4,0,1,1,0,1,0,0,4,4,0,3,1,0,4,0,4,4,1,4,1,4,1,1,4,3,1,4,0,1,1,0,1,0,0,3,4,0,1,1,4,3,3,4,3,3,1,3,1,1,1,3,4,2,1,0,1,1,0,1,0,4,0,1,0,4,1,1,1,0,2,1,3,4,1,1,4,2,4,2,0],"AvgScore":44,"Index":95}
[Log][2020-02-04 01:47:30 294] [2020-02-04 01:47:30 294] 第96代	最高分：44	{"Resolution":[4,0,1,1,0,1,0,0,4,4,0,3,1,0,4,0,4,4,1,4,1,4,1,1,4,3,1,4,0,1,1,0,1,0,0,3,4,0,1,1,4,3,3,4,3,3,1,3,1,1,1,3,4,2,1,0,1,1,0,1,0,4,0,1,0,4,1,1,1,0,2,1,3,4,1,1,4,2,4,2,0],"AvgScore":44,"Index":96}
[Log][2020-02-04 01:49:30 800] [2020-02-04 01:49:30 799] 第97代	最高分：46	{"Resolution":[4,0,1,1,0,1,0,0,4,4,0,3,1,0,4,0,4,4,1,4,1,4,1,1,4,3,1,4,0,1,1,0,1,0,0,3,4,0,1,1,4,3,3,4,3,3,1,3,1,4,1,3,4,2,1,0,1,1,0,1,0,4,0,1,0,4,1,1,1,0,2,1,3,4,1,1,4,2,4,2,0],"AvgScore":46,"Index":97}
[Log][2020-02-04 01:51:31 317] [2020-02-04 01:51:31 317] 第98代	最高分：38	{"Resolution":[4,0,1,1,0,1,0,0,4,4,0,3,1,0,4,3,4,4,1,4,1,4,1,1,4,3,1,4,0,1,1,0,1,0,0,3,4,0,1,1,4,3,3,4,3,3,1,3,1,4,1,3,4,2,1,0,1,1,0,1,0,4,0,1,0,4,1,1,1,0,4,1,3,4,1,1,4,2,4,2,0],"AvgScore":38,"Index":98}
[Log][2020-02-04 01:53:31 793] [2020-02-04 01:53:31 793] 第99代	最高分：48	{"Resolution":[4,0,1,1,0,1,0,0,4,4,0,3,1,0,4,3,4,0,1,4,1,4,1,1,4,3,1,4,0,1,1,0,1,0,0,3,4,0,1,1,4,3,3,4,3,3,3,3,1,4,1,3,4,2,1,0,1,1,0,1,0,4,0,1,0,4,1,1,1,0,4,1,3,4,1,1,4,2,4,2,0],"AvgScore":48,"Index":99}
[Log][2020-02-04 01:55:32 355] [2020-02-04 01:55:32 354] 第100代	最高分：42	{"Resolution":[4,0,1,1,0,1,0,0,4,4,0,3,1,0,4,3,4,0,1,4,1,4,1,1,4,3,1,4,0,1,1,0,1,0,0,3,4,0,1,1,4,3,3,4,3,3,3,3,1,4,1,3,4,2,1,0,1,1,0,1,0,4,0,1,0,4,1,1,1,0,4,1,3,4,1,1,4,2,4,2,0],"AvgScore":42,"Index":100}
[Log][2020-02-04 01:57:32 892] [2020-02-04 01:57:32 891] 第101代	最高分：38	{"Resolution":[4,0,1,1,0,1,0,0,4,4,0,3,1,0,4,3,4,0,1,4,1,4,1,4,4,3,1,4,0,1,1,0,1,0,0,3,4,0,1,1,4,3,3,4,3,3,3,3,1,4,1,4,4,2,1,0,1,1,0,1,0,4,0,1,0,4,1,1,1,0,4,1,3,4,1,1,4,2,4,2,0],"AvgScore":38,"Index":101}
[Log][2020-02-04 01:59:33 374] [2020-02-04 01:59:33 374] 第102代	最高分：42	{"Resolution":[4,0,1,1,0,1,0,0,4,4,0,3,1,0,4,3,4,0,1,4,1,4,1,4,4,3,1,4,0,1,1,0,1,0,0,3,4,0,1,1,4,3,3,3,3,3,3,3,1,4,1,4,4,2,1,0,1,1,0,1,0,4,0,1,4,4,1,1,1,0,0,1,3,4,1,1,4,2,4,2,0],"AvgScore":42,"Index":102}
[Log][2020-02-04 02:01:33 861] [2020-02-04 02:01:33 861] 第103代	最高分：41	{"Resolution":[4,0,1,1,0,1,0,0,4,4,0,3,1,0,4,3,4,0,1,4,1,4,1,4,4,3,1,4,0,1,1,0,1,0,0,3,4,0,1,1,4,3,3,3,3,3,3,4,1,4,1,4,4,2,1,0,1,1,0,1,0,4,0,1,4,1,1,1,1,0,0,1,3,4,1,1,4,2,4,2,0],"AvgScore":41,"Index":103}
[Log][2020-02-04 02:03:34 227] [2020-02-04 02:03:34 226] 第104代	最高分：43	{"Resolution":[4,0,1,1,0,1,0,0,4,4,0,3,1,0,4,3,4,0,1,4,1,4,3,4,4,3,1,4,0,1,1,0,1,0,0,3,4,0,1,1,4,3,3,3,3,3,3,4,1,4,1,4,4,2,1,0,1,1,0,1,0,4,0,1,4,1,1,1,1,0,0,1,3,4,1,1,4,2,4,2,0],"AvgScore":43,"Index":104}
[Log][2020-02-04 02:05:34 685] [2020-02-04 02:05:34 684] 第105代	最高分：41	{"Resolution":[4,0,1,1,0,1,0,0,4,3,0,3,1,0,4,3,4,0,1,4,1,4,3,4,0,3,1,4,0,1,1,0,1,0,0,3,4,0,1,1,4,3,3,3,3,3,3,4,1,4,1,4,4,2,1,0,1,1,0,1,0,4,0,1,4,1,1,1,1,0,0,1,3,4,1,1,4,2,4,2,0],"AvgScore":41,"Index":105}
[Log][2020-02-04 02:07:35 018] [2020-02-04 02:07:35 018] 第106代	最高分：38	{"Resolution":[4,0,1,1,0,1,0,0,4,3,0,3,1,0,4,3,4,0,1,4,1,4,3,4,0,3,0,4,0,1,1,0,1,0,0,3,4,0,1,1,4,3,3,3,3,3,3,4,1,4,1,4,4,2,1,0,1,1,0,1,0,4,0,1,4,1,1,1,1,0,0,2,3,4,1,1,4,2,4,0,0],"AvgScore":38,"Index":106}
[Log][2020-02-04 02:09:35 345] [2020-02-04 02:09:35 344] 第107代	最高分：44	{"Resolution":[4,0,1,1,0,1,0,0,4,3,0,3,1,0,4,3,4,0,1,4,1,4,3,4,0,3,0,4,0,1,1,0,1,0,0,3,4,0,1,1,4,3,3,3,3,3,3,4,1,4,4,4,4,2,1,0,1,1,0,1,0,4,0,1,4,1,1,1,1,0,0,2,3,4,1,1,4,2,4,0,0],"AvgScore":44,"Index":107}
[Log][2020-02-04 02:11:35 645] [2020-02-04 02:11:35 644] 第108代	最高分：42	{"Resolution":[4,0,1,1,0,1,0,0,4,3,0,3,1,0,4,3,4,0,1,4,1,4,3,4,0,3,0,4,0,1,1,0,1,0,0,3,4,0,1,1,4,3,3,3,3,3,3,4,1,4,4,4,4,4,1,0,1,1,0,1,0,4,0,1,4,1,1,1,1,0,0,2,3,4,1,1,4,2,4,0,0],"AvgScore":42,"Index":108}
[Log][2020-02-04 02:13:35 934] [2020-02-04 02:13:35 934] 第109代	最高分：43	{"Resolution":[4,0,1,1,0,1,0,0,4,3,0,3,1,0,4,3,4,0,1,4,1,4,3,4,0,3,3,4,0,1,1,0,1,0,0,3,4,0,1,1,4,3,3,3,3,3,3,1,1,4,4,4,4,4,1,0,1,1,0,1,0,4,0,1,4,1,1,1,1,0,0,2,3,4,1,1,4,2,4,0,0],"AvgScore":43,"Index":109}
[Log][2020-02-04 02:15:35 985] [2020-02-04 02:15:35 984] 第110代	最高分：41	{"Resolution":[4,0,1,1,0,1,0,0,4,3,0,3,1,0,4,3,4,0,1,4,1,4,3,1,0,3,3,4,0,1,1,0,1,0,0,3,4,0,1,1,4,3,3,3,3,3,3,1,1,4,4,4,4,4,1,0,1,1,0,1,0,4,0,1,4,1,1,1,1,0,0,2,3,4,1,1,4,2,4,0,0],"AvgScore":41,"Index":110}
[Log][2020-02-04 02:17:36 098] [2020-02-04 02:17:36 098] 第111代	最高分：44	{"Resolution":[4,0,1,1,0,1,0,0,4,3,0,3,1,0,4,3,4,0,1,4,1,4,3,1,0,3,3,4,0,1,1,0,1,0,4,0,4,0,1,1,4,3,3,3,3,3,3,1,1,4,4,4,4,4,1,0,1,1,0,1,0,4,0,1,4,1,1,1,1,0,0,2,3,4,1,1,3,2,4,0,0],"AvgScore":44,"Index":111}
[Log][2020-02-04 02:19:36 101] [2020-02-04 02:19:36 101] 第112代	最高分：42	{"Resolution":[4,0,1,1,0,1,0,0,4,3,0,3,1,0,4,3,4,0,1,4,1,4,3,1,0,3,3,4,0,1,1,0,1,0,4,0,4,0,1,1,4,3,3,3,3,3,3,1,1,4,4,4,4,4,1,0,1,1,0,1,0,4,0,1,4,1,1,1,1,0,0,2,3,4,1,1,3,2,4,0,0],"AvgScore":42,"Index":112}
[Log][2020-02-04 02:21:36 145] [2020-02-04 02:21:36 144] 第113代	最高分：45	{"Resolution":[4,0,1,1,0,1,0,0,4,3,0,3,1,0,4,3,4,0,1,4,1,4,3,1,0,3,3,4,0,1,1,0,1,0,4,0,4,0,1,1,4,3,3,3,3,3,3,1,1,4,4,4,4,4,1,0,1,1,0,1,0,4,0,1,4,1,1,1,1,0,0,2,3,4,1,1,3,2,0,0,0],"AvgScore":45,"Index":113}
[Log][2020-02-04 02:23:36 171] [2020-02-04 02:23:36 171] 第114代	最高分：39	{"Resolution":[4,0,1,1,0,1,0,0,4,3,0,3,1,0,4,3,4,0,1,4,1,4,3,1,0,3,3,4,0,1,1,0,1,0,4,0,4,0,1,1,4,4,3,3,3,3,3,1,1,4,4,4,4,4,1,0,1,1,0,1,0,4,0,1,4,1,1,1,1,0,0,2,3,4,1,1,3,2,0,0,0],"AvgScore":39,"Index":114}
[Log][2020-02-04 02:25:36 207] [2020-02-04 02:25:36 206] 第115代	最高分：42	{"Resolution":[4,0,1,1,0,1,0,0,4,3,0,3,1,0,4,3,4,0,1,4,1,4,3,1,0,3,3,4,0,1,1,0,1,0,4,0,4,0,1,1,4,4,3,3,3,3,3,1,1,4,4,4,4,4,1,0,1,1,0,1,0,4,0,1,4,1,1,1,1,0,0,2,3,4,1,1,3,2,0,0,0],"AvgScore":42,"Index":115}
[Log][2020-02-04 02:27:36 212] [2020-02-04 02:27:36 212] 第116代	最高分：42	{"Resolution":[4,0,1,1,0,1,0,0,4,3,0,3,1,0,4,3,4,0,1,4,1,4,3,1,4,3,3,4,0,1,1,0,1,0,4,0,4,0,1,1,4,4,3,3,3,3,3,1,1,4,4,4,0,4,1,0,1,1,0,1,0,4,0,1,4,1,1,1,1,0,0,2,3,4,1,4,0,2,0,0,0],"AvgScore":42,"Index":116}
[Log][2020-02-04 02:29:36 275] [2020-02-04 02:29:36 274] 第117代	最高分：43	{"Resolution":[4,0,1,1,0,1,0,0,4,3,0,3,1,0,4,3,4,0,1,4,1,4,3,1,4,3,3,4,0,1,1,0,1,0,4,0,4,0,1,1,4,4,3,3,3,3,3,1,1,4,4,4,0,4,1,0,1,1,0,1,0,4,0,1,4,1,1,1,1,0,0,2,3,3,1,4,0,2,0,0,0],"AvgScore":43,"Index":117}
[Log][2020-02-04 02:31:36 198] [2020-02-04 02:31:36 197] 第118代	最高分：38	{"Resolution":[4,0,1,1,0,1,0,0,4,3,0,3,1,0,4,3,4,0,1,4,1,4,3,1,4,3,3,4,0,1,1,0,1,4,4,0,4,0,1,1,4,4,3,3,3,3,3,1,1,4,3,4,0,4,1,0,1,1,0,1,0,4,0,1,4,1,1,1,1,0,0,2,3,3,1,4,0,2,0,0,0],"AvgScore":38,"Index":118}
[Log][2020-02-04 02:33:36 322] [2020-02-04 02:33:36 321] 第119代	最高分：43	{"Resolution":[4,0,1,1,0,1,0,0,0,3,0,3,1,0,4,3,4,0,1,4,1,4,3,1,4,3,2,4,0,1,1,0,1,4,4,0,4,0,1,1,4,4,3,3,3,3,3,1,1,4,3,4,0,4,1,0,1,1,0,1,0,4,0,1,4,1,1,1,1,0,0,2,3,3,1,4,0,2,0,0,0],"AvgScore":43,"Index":119}
[Log][2020-02-04 02:35:36 417] [2020-02-04 02:35:36 417] 第120代	最高分：34	{"Resolution":[4,0,1,1,0,1,0,0,0,3,0,3,1,0,4,3,4,0,1,4,1,4,3,1,4,3,2,4,0,1,1,0,1,4,4,0,4,0,1,1,4,4,3,3,3,3,3,1,1,4,3,4,0,4,1,0,1,1,0,1,0,4,0,1,4,1,1,1,1,0,0,2,3,3,1,4,0,2,0,0,0],"AvgScore":34,"Index":120}
[Log][2020-02-04 02:37:36 542] [2020-02-04 02:37:36 541] 第121代	最高分：37	{"Resolution":[4,0,1,1,0,1,0,0,0,3,0,3,1,0,4,3,4,0,1,4,1,4,3,1,4,3,2,4,0,1,1,0,1,4,4,0,4,0,1,1,4,4,3,3,3,3,3,1,1,4,3,4,0,4,1,0,1,1,0,1,0,4,0,1,4,1,1,1,1,0,0,2,2,3,1,4,0,1,0,0,0],"AvgScore":37,"Index":121}
[Log][2020-02-04 02:39:36 749] [2020-02-04 02:39:36 748] 第122代	最高分：38	{"Resolution":[4,0,1,1,0,1,0,0,0,3,0,3,1,0,4,3,4,0,1,4,1,4,3,1,4,3,2,4,0,1,1,0,1,4,4,0,4,0,1,1,4,4,3,3,3,3,3,1,1,4,3,4,0,4,1,0,1,1,0,1,0,4,0,1,4,1,1,1,1,0,0,2,2,3,1,4,0,1,0,0,0],"AvgScore":38,"Index":122}
[Log][2020-02-04 02:41:36 799] [2020-02-04 02:41:36 799] 第123代	最高分：40	{"Resolution":[4,0,1,1,0,1,0,0,0,3,0,3,1,0,4,3,4,0,1,4,1,4,3,1,4,3,2,4,0,1,1,0,1,4,4,0,4,0,1,1,4,4,3,3,3,3,3,1,1,4,3,4,0,2,1,0,1,1,0,1,0,4,0,1,4,1,1,1,1,0,0,2,2,3,1,4,0,1,0,0,0],"AvgScore":40,"Index":123}
[Log][2020-02-04 02:43:36 926] [2020-02-04 02:43:36 926] 第124代	最高分：40	{"Resolution":[4,0,1,1,0,1,0,0,0,3,0,3,1,0,4,3,4,0,1,4,1,4,3,1,4,3,2,4,0,1,1,0,1,4,4,0,4,0,1,1,4,4,3,3,3,3,3,1,1,4,3,4,0,2,1,0,1,1,0,1,0,4,0,1,4,1,1,1,1,0,0,2,2,3,1,4,0,1,0,0,0],"AvgScore":40,"Index":124}
[Log][2020-02-04 02:45:37 032] [2020-02-04 02:45:37 032] 第125代	最高分：40	{"Resolution":[4,0,1,1,0,1,0,0,3,3,0,3,1,0,4,3,4,0,1,4,1,4,3,1,4,3,2,4,0,1,1,0,1,4,4,0,4,0,1,1,4,4,3,3,3,3,3,1,1,4,3,4,0,2,1,0,1,1,0,1,0,4,0,1,4,1,1,1,1,0,0,2,1,3,1,4,0,1,0,0,0],"AvgScore":40,"Index":125}
[Log][2020-02-04 02:47:37 128] [2020-02-04 02:47:37 128] 第126代	最高分：43	{"Resolution":[4,0,1,1,0,1,0,0,3,3,0,3,1,0,4,3,4,0,1,4,1,4,3,1,4,3,2,4,0,1,1,0,1,4,4,0,4,0,1,1,4,4,3,3,3,3,3,1,1,4,3,4,0,2,1,0,1,1,0,1,0,4,0,1,4,1,1,1,1,0,0,2,1,3,1,4,3,1,0,0,0],"AvgScore":43,"Index":126}
[Log][2020-02-04 02:49:37 089] [2020-02-04 02:49:37 089] 第127代	最高分：39	{"Resolution":[4,0,1,1,0,1,0,0,3,3,0,3,1,0,1,3,4,0,1,4,1,4,3,1,4,3,2,4,0,1,1,0,1,4,4,0,4,0,1,1,4,4,3,3,3,3,3,1,1,4,3,4,0,2,1,0,1,1,0,1,0,4,0,1,4,1,1,1,1,0,0,2,1,3,1,4,3,1,0,0,0],"AvgScore":39,"Index":127}
[Log][2020-02-04 02:51:37 052] [2020-02-04 02:51:37 052] 第128代	最高分：39	{"Resolution":[4,0,1,1,0,1,0,0,3,3,0,3,1,0,1,3,4,0,1,4,1,4,3,1,4,3,2,4,0,1,1,0,1,0,4,0,4,0,1,1,4,4,3,3,3,3,3,1,1,4,3,4,0,2,1,0,1,1,0,1,0,4,0,1,4,1,1,1,1,0,0,2,1,3,1,1,3,1,0,0,0],"AvgScore":39,"Index":128}
[Log][2020-02-04 02:53:37 134] [2020-02-04 02:53:37 134] 第129代	最高分：50	{"Resolution":[4,0,1,1,0,1,0,0,3,3,0,3,1,0,1,3,4,0,1,4,1,4,3,1,4,3,2,4,0,1,1,0,1,0,4,0,4,0,1,1,4,4,3,3,3,3,3,1,1,4,3,4,0,2,1,0,1,1,0,1,0,4,0,1,4,1,1,1,1,0,0,2,1,3,1,1,3,1,0,0,0],"AvgScore":50,"Index":129}
[Log][2020-02-04 02:55:37 250] [2020-02-04 02:55:37 249] 第130代	最高分：40	{"Resolution":[4,0,1,1,0,1,0,0,3,3,0,3,1,0,1,3,4,0,1,4,1,4,3,1,4,3,2,4,0,1,1,0,1,0,4,0,4,0,1,1,4,4,3,3,3,3,3,1,1,4,3,4,0,2,1,0,1,1,0,1,0,4,1,1,4,1,1,1,1,0,0,2,1,3,1,4,3,1,0,0,0],"AvgScore":40,"Index":130}
[Log][2020-02-04 02:57:37 418] [2020-02-04 02:57:37 418] 第131代	最高分：38	{"Resolution":[4,0,1,1,0,1,0,0,3,3,0,3,1,0,1,3,4,0,1,4,1,4,3,1,4,3,2,4,0,1,1,0,1,0,4,0,4,0,1,1,4,4,3,3,1,3,3,1,1,4,3,4,0,2,1,0,1,1,0,1,0,4,1,1,4,1,1,1,1,0,0,2,1,3,0,4,3,1,0,0,0],"AvgScore":38,"Index":131}
[Log][2020-02-04 02:59:37 220] [2020-02-04 02:59:37 219] 第132代	最高分：39	{"Resolution":[4,0,1,1,0,1,0,0,3,3,0,3,1,0,1,3,4,0,1,4,1,4,3,1,4,3,2,4,0,1,1,0,1,0,4,0,4,0,1,1,4,4,3,3,1,3,3,1,1,4,3,4,0,2,1,0,1,1,0,1,0,4,1,1,4,1,1,1,1,0,0,2,1,3,0,4,3,0,0,0,0],"AvgScore":39,"Index":132}
[Log][2020-02-04 03:01:37 388] [2020-02-04 03:01:37 388] 第133代	最高分：42	{"Resolution":[4,0,1,1,0,1,0,0,3,3,0,3,1,0,1,3,4,0,1,4,1,4,3,1,4,0,2,4,0,1,1,0,1,0,4,0,4,0,1,1,4,4,3,3,1,3,3,1,1,4,3,4,0,2,1,0,1,1,0,1,0,4,1,1,4,1,1,1,1,0,0,2,1,3,0,4,3,0,0,0,3],"AvgScore":42,"Index":133}
[Log][2020-02-04 03:03:37 495] [2020-02-04 03:03:37 495] 第134代	最高分：41	{"Resolution":[4,0,1,1,0,4,0,0,3,3,0,3,1,0,1,3,4,0,1,4,1,4,3,1,4,0,2,4,0,1,1,0,1,0,4,0,4,0,1,1,4,4,3,3,1,3,3,1,1,4,3,4,0,2,1,0,1,1,0,1,0,4,1,1,4,1,1,1,1,0,0,2,1,3,0,4,3,0,0,0,3],"AvgScore":41,"Index":134}
[Log][2020-02-04 03:05:37 545] [2020-02-04 03:05:37 545] 第135代	最高分：42	{"Resolution":[4,0,1,1,0,4,0,0,3,3,0,3,1,0,1,3,4,0,1,4,1,4,3,1,4,0,2,4,0,1,1,0,1,0,4,0,4,0,1,1,4,4,3,3,1,3,3,1,1,4,3,4,0,2,1,0,1,1,0,1,0,4,1,1,4,1,1,1,1,0,0,2,0,3,0,4,3,0,0,0,3],"AvgScore":42,"Index":135}
[Log][2020-02-04 03:07:37 684] [2020-02-04 03:07:37 683] 第136代	最高分：42	{"Resolution":[4,0,1,1,0,4,0,0,3,3,0,3,1,0,1,3,4,0,1,4,1,4,3,1,4,0,2,4,0,1,1,0,1,0,4,0,4,0,1,1,4,4,3,3,1,3,3,1,1,4,3,4,0,2,1,0,1,1,0,1,0,4,1,1,4,1,1,1,1,0,0,2,0,3,0,4,3,3,0,0,3],"AvgScore":42,"Index":136}
[Log][2020-02-04 03:09:37 709] [2020-02-04 03:09:37 707] 第137代	最高分：38	{"Resolution":[4,0,1,1,0,4,0,0,3,3,0,1,1,0,1,3,4,0,1,4,1,4,3,1,4,0,2,4,0,1,1,0,1,0,4,0,4,0,1,1,4,4,3,3,1,3,3,1,1,4,3,4,0,2,1,0,1,1,0,1,0,4,1,1,4,1,1,1,1,0,0,2,0,3,0,4,3,3,0,0,3],"AvgScore":38,"Index":137}
[Log][2020-02-04 03:11:37 756] [2020-02-04 03:11:37 756] 第138代	最高分：40	{"Resolution":[4,0,1,1,0,4,0,0,3,3,0,1,1,0,1,3,4,0,1,4,1,4,3,1,4,0,2,4,0,1,1,0,1,0,4,0,4,0,1,1,4,4,3,3,1,3,3,1,1,4,3,4,0,2,1,0,1,1,0,1,0,4,1,1,4,1,1,1,4,0,0,2,0,3,0,4,3,3,0,0,3],"AvgScore":40,"Index":138}
[Log][2020-02-04 03:13:37 847] [2020-02-04 03:13:37 846] 第139代	最高分：36	{"Resolution":[4,0,1,1,0,4,0,0,3,3,0,1,1,0,1,3,4,0,1,4,1,4,3,3,4,0,2,4,0,1,1,0,1,0,4,0,4,0,1,1,4,4,3,3,1,3,3,1,1,4,3,4,0,2,1,0,1,1,0,1,0,4,4,1,4,1,1,1,4,0,0,2,0,3,0,4,3,3,0,0,3],"AvgScore":36,"Index":139}
[Log][2020-02-04 03:15:37 922] [2020-02-04 03:15:37 921] 第140代	最高分：42	{"Resolution":[4,0,1,1,0,4,0,0,1,3,0,1,1,0,1,3,4,0,1,4,1,4,3,3,4,0,2,4,0,1,1,0,1,0,4,0,4,0,1,1,4,4,3,3,1,3,3,1,1,1,3,4,0,2,1,0,1,1,0,1,0,4,4,1,4,1,1,1,4,0,0,2,0,3,0,4,3,3,0,0,3],"AvgScore":42,"Index":140}
[Log][2020-02-04 03:17:38 104] [2020-02-04 03:17:38 104] 第141代	最高分：39	{"Resolution":[4,0,1,1,0,4,0,0,1,3,0,1,1,0,1,3,4,0,1,4,1,4,3,3,4,0,2,4,0,1,1,0,1,0,4,0,4,0,1,1,4,4,3,3,1,3,3,1,1,1,3,4,0,2,1,0,1,1,0,1,0,4,4,1,4,1,1,1,4,0,0,2,0,3,0,4,3,3,0,0,3],"AvgScore":39,"Index":141}
[Log][2020-02-04 03:19:38 209] [2020-02-04 03:19:38 209] 第142代	最高分：42	{"Resolution":[4,0,1,1,0,4,0,0,1,3,0,1,1,0,1,3,4,0,1,4,1,4,3,3,4,0,2,4,0,1,1,0,1,0,4,0,4,0,1,1,4,4,3,3,4,3,4,1,1,1,3,4,0,2,1,0,1,1,0,1,0,4,4,1,4,1,1,1,4,0,0,2,0,3,0,4,3,3,0,0,3],"AvgScore":42,"Index":142}
[Log][2020-02-04 03:21:38 201] [2020-02-04 03:21:38 201] 第143代	最高分：46	{"Resolution":[4,0,1,1,0,4,0,0,1,3,0,1,1,0,1,3,4,0,1,4,1,4,3,3,4,0,2,4,0,1,1,0,1,0,4,0,4,0,1,1,4,4,3,3,4,3,4,4,1,1,3,4,0,2,1,0,1,1,0,1,0,4,4,1,4,1,1,1,4,0,0,2,0,3,0,4,3,3,0,0,3],"AvgScore":46,"Index":143}
[Log][2020-02-04 03:23:38 195] [2020-02-04 03:23:38 195] 第144代	最高分：43	{"Resolution":[4,0,1,1,0,4,0,0,1,3,0,1,1,0,1,3,4,0,1,4,1,4,3,3,4,0,1,4,0,1,1,0,1,0,4,0,4,0,1,1,4,4,3,3,4,3,4,4,1,1,3,4,0,2,1,0,1,1,0,1,0,4,4,1,4,1,1,1,4,0,4,2,0,3,0,4,3,3,0,0,3],"AvgScore":43,"Index":144}
[Log][2020-02-04 03:25:38 410] [2020-02-04 03:25:38 410] 第145代	最高分：42	{"Resolution":[4,0,1,1,0,4,0,0,1,3,0,1,1,0,1,3,4,0,1,4,1,4,3,3,4,0,1,4,0,1,1,0,1,0,4,0,4,0,1,1,4,4,3,3,4,3,4,4,1,0,3,4,0,1,1,0,1,1,0,1,0,4,4,1,4,1,1,1,4,0,4,2,0,3,0,4,3,3,0,0,3],"AvgScore":42,"Index":145}
[Log][2020-02-04 03:27:38 847] [2020-02-04 03:27:38 846] 第146代	最高分：40	{"Resolution":[4,0,1,1,0,4,0,0,1,3,0,1,1,0,1,3,4,0,1,4,1,4,3,3,4,0,1,4,0,1,1,0,1,0,4,0,4,0,1,1,0,4,3,3,4,3,4,4,1,0,3,4,0,1,1,0,1,1,0,1,0,4,4,1,4,1,1,1,4,0,4,2,0,3,0,4,3,3,0,0,3],"AvgScore":40,"Index":146}
[Log][2020-02-04 03:29:39 013] [2020-02-04 03:29:39 013] 第147代	最高分：42	{"Resolution":[4,0,1,1,0,4,0,0,1,3,0,1,1,0,1,3,4,0,1,4,1,4,3,3,4,0,1,4,0,1,1,0,1,0,4,0,4,0,1,1,0,4,3,3,4,3,4,4,1,0,3,4,0,1,1,0,4,1,0,1,0,4,4,1,4,1,1,1,4,0,4,2,0,3,0,4,4,3,0,0,3],"AvgScore":42,"Index":147}
[Log][2020-02-04 03:31:39 119] [2020-02-04 03:31:39 119] 第148代	最高分：43	{"Resolution":[4,0,1,1,0,4,0,0,1,3,0,1,1,0,1,3,4,0,1,1,1,4,3,3,4,0,1,4,0,1,1,0,1,0,4,0,4,0,1,1,0,4,3,3,4,3,4,4,1,0,3,4,0,3,1,0,4,1,0,1,0,4,4,1,4,1,1,1,4,0,4,2,0,3,0,4,4,3,0,0,3],"AvgScore":43,"Index":148}
[Log][2020-02-04 03:33:39 154] [2020-02-04 03:33:39 153] 第149代	最高分：43	{"Resolution":[4,0,1,1,0,4,0,0,1,3,0,1,1,0,1,3,4,0,1,1,1,3,3,3,3,0,1,4,0,1,1,0,1,0,4,0,4,0,1,1,0,4,3,3,4,3,4,4,1,0,3,4,0,3,1,0,4,1,0,1,0,4,4,1,4,1,1,1,4,0,4,2,0,3,0,4,4,3,0,0,1],"AvgScore":43,"Index":149}
[Log][2020-02-04 03:35:39 057] [2020-02-04 03:35:39 057] 第150代	最高分：43	{"Resolution":[4,0,1,1,0,4,0,0,1,3,0,1,1,0,1,0,4,0,1,1,1,3,3,3,3,0,1,4,0,1,1,0,1,0,4,3,4,0,1,1,0,4,3,3,4,3,4,4,1,0,3,4,0,3,1,0,4,1,0,1,0,4,4,1,4,1,1,1,4,0,4,2,0,3,0,4,4,3,0,0,1],"AvgScore":43,"Index":150}
[Log][2020-02-04 03:37:39 213] [2020-02-04 03:37:39 212] 第151代	最高分：41	{"Resolution":[4,0,1,1,0,4,0,0,1,3,0,1,1,0,1,0,4,0,1,1,1,3,3,3,3,0,1,4,0,1,1,0,1,0,4,3,4,0,1,1,0,4,3,3,4,3,4,4,1,0,3,4,0,3,1,0,4,1,0,1,0,4,4,1,4,1,1,1,4,0,4,2,0,3,0,4,4,3,0,0,1],"AvgScore":41,"Index":151}
[Log][2020-02-04 03:39:39 365] [2020-02-04 03:39:39 364] 第152代	最高分：39	{"Resolution":[4,0,1,1,0,4,0,0,1,3,0,1,1,0,1,0,4,0,1,1,1,3,3,3,3,0,1,4,0,1,1,0,1,0,4,2,4,0,1,1,0,4,3,3,4,3,4,4,1,0,3,4,0,3,1,0,4,1,0,1,0,4,4,1,4,1,1,1,4,0,4,2,0,3,0,4,4,3,0,0,1],"AvgScore":39,"Index":152}
[Log][2020-02-04 03:41:39 569] [2020-02-04 03:41:39 568] 第153代	最高分：43	{"Resolution":[4,0,1,1,0,4,0,0,1,3,0,1,1,0,1,0,4,0,1,1,1,3,3,3,3,0,1,4,0,1,1,0,4,0,4,2,4,0,1,1,0,4,3,3,4,3,4,4,1,0,3,4,0,3,1,0,4,1,0,1,0,4,4,1,4,1,1,1,4,0,4,2,0,3,0,4,4,3,0,0,1],"AvgScore":43,"Index":153}
[Log][2020-02-04 03:43:39 570] [2020-02-04 03:43:39 570] 第154代	最高分：40	{"Resolution":[4,0,1,1,0,4,0,0,1,3,0,1,1,0,1,0,4,0,1,1,1,3,3,3,3,0,1,4,0,1,1,0,4,0,4,2,4,0,1,1,0,1,3,3,4,3,4,4,1,0,3,4,0,3,1,0,4,1,0,1,0,4,4,1,4,1,1,1,4,0,4,2,0,3,0,4,4,3,0,0,1],"AvgScore":40,"Index":154}
[Log][2020-02-04 03:45:39 816] [2020-02-04 03:45:39 815] 第155代	最高分：44	{"Resolution":[4,0,1,1,0,4,0,0,1,3,0,1,1,0,1,0,4,0,1,1,1,3,3,3,3,0,1,4,0,1,1,0,4,0,4,2,4,0,1,1,0,4,3,3,4,3,4,4,1,0,3,4,0,3,1,0,4,1,0,1,0,4,4,1,0,1,1,1,4,0,4,2,0,3,0,4,4,3,0,0,1],"AvgScore":44,"Index":155}
[Log][2020-02-04 03:47:39 937] [2020-02-04 03:47:39 937] 第156代	最高分：41	{"Resolution":[4,0,1,1,0,4,0,0,1,3,0,1,1,0,1,0,4,3,1,1,1,3,3,3,3,0,1,4,0,1,1,0,4,0,4,2,4,0,1,1,0,4,3,3,4,3,4,4,1,0,3,4,0,3,1,0,4,1,0,1,0,4,4,1,0,1,1,1,4,0,4,2,0,3,0,4,4,3,0,0,1],"AvgScore":41,"Index":156}
[Log][2020-02-04 03:49:39 961] [2020-02-04 03:49:39 960] 第157代	最高分：39	{"Resolution":[4,0,1,1,0,4,0,0,1,3,0,1,1,0,1,0,4,3,1,1,1,3,3,3,3,0,1,4,0,1,1,0,4,0,4,2,4,0,1,1,0,4,3,3,4,3,4,4,1,0,3,4,0,3,1,0,4,1,0,1,0,4,4,1,0,1,1,1,1,0,4,2,0,3,0,4,4,3,0,0,1],"AvgScore":39,"Index":157}
[Log][2020-02-04 03:51:40 812] [2020-02-04 03:51:40 811] 第158代	最高分：41	{"Resolution":[4,0,1,1,0,4,0,0,1,3,0,1,1,0,1,0,4,3,1,1,1,3,3,3,3,0,1,4,0,1,1,0,4,0,4,2,4,0,1,1,0,4,3,3,1,3,4,4,1,0,3,4,0,3,1,0,4,1,0,1,0,4,4,1,0,1,1,1,1,0,4,2,0,3,0,4,4,0,0,0,1],"AvgScore":41,"Index":158}
[Log][2020-02-04 03:53:40 746] [2020-02-04 03:53:40 746] 第159代	最高分：41	{"Resolution":[4,0,1,1,0,4,0,0,1,3,0,1,1,0,1,0,4,3,1,1,1,3,3,3,3,0,1,4,0,1,1,0,4,0,4,2,4,0,1,1,0,3,3,3,1,3,4,4,1,0,3,4,0,3,1,0,4,1,0,1,0,4,4,1,0,1,1,1,1,0,4,2,0,3,0,4,4,0,0,0,1],"AvgScore":41,"Index":159}
[Log][2020-02-04 03:55:40 788] [2020-02-04 03:55:40 787] 第160代	最高分：46	{"Resolution":[4,0,1,1,0,4,0,0,1,3,0,1,1,0,1,0,4,3,1,1,1,3,3,3,3,0,1,4,0,1,1,0,4,0,4,2,4,0,1,1,0,3,3,3,1,3,4,4,1,0,3,4,0,3,1,0,4,1,0,1,0,4,4,1,0,1,1,1,1,0,4,2,0,3,0,4,0,0,0,0,1],"AvgScore":46,"Index":160}
[Log][2020-02-04 03:57:40 914] [2020-02-04 03:57:40 913] 第161代	最高分：42	{"Resolution":[4,0,1,1,0,4,0,0,1,3,0,1,1,0,1,0,4,3,1,1,1,3,3,3,3,1,1,4,0,1,1,0,4,0,4,2,4,0,1,1,0,3,3,3,1,3,4,4,1,0,3,4,0,3,1,0,4,1,0,1,0,4,4,1,0,1,1,1,1,0,4,2,0,0,0,4,0,0,0,0,1],"AvgScore":42,"Index":161}
[Log][2020-02-04 03:59:40 929] [2020-02-04 03:59:40 929] 第162代	最高分：33	{"Resolution":[4,0,1,1,0,4,0,0,1,3,0,1,1,0,1,0,4,3,1,1,1,3,4,3,3,1,1,4,0,1,1,0,4,0,4,2,4,0,1,1,0,3,3,3,1,3,3,4,1,0,3,4,0,3,1,0,4,1,0,1,0,4,4,1,0,1,1,1,1,0,4,2,0,0,0,4,0,0,0,0,1],"AvgScore":33,"Index":162}
[Log][2020-02-04 04:01:40 975] [2020-02-04 04:01:40 974] 第163代	最高分：38	{"Resolution":[4,0,1,1,0,4,0,0,1,3,0,1,1,0,1,0,4,3,1,1,1,1,4,3,3,1,1,4,0,1,1,0,4,0,4,2,4,0,1,1,0,3,3,3,1,3,3,4,1,0,3,4,0,3,1,0,4,1,0,1,0,4,4,1,0,1,1,1,1,0,4,2,0,1,0,4,0,0,0,0,1],"AvgScore":38,"Index":163}
[Log][2020-02-04 04:03:41 090] [2020-02-04 04:03:41 090] 第164代	最高分：42	{"Resolution":[4,0,1,1,0,4,0,0,1,3,0,1,1,0,1,0,4,3,1,1,1,1,4,3,3,1,1,4,0,1,1,0,4,0,4,2,4,0,1,1,0,3,3,3,1,3,3,4,1,0,3,4,0,3,1,0,4,1,0,1,0,4,2,1,0,1,1,1,1,0,4,2,0,1,0,4,0,0,2,0,1],"AvgScore":42,"Index":164}
[Log][2020-02-04 04:05:41 106] [2020-02-04 04:05:41 105] 第165代	最高分：42	{"Resolution":[4,0,1,1,0,4,0,0,1,3,0,1,1,0,1,0,4,3,1,1,2,1,4,3,3,4,1,4,0,1,1,0,4,0,4,2,4,0,1,1,0,3,3,3,1,3,3,4,1,0,3,4,0,3,1,0,4,1,0,1,0,4,2,1,0,1,1,1,1,0,4,2,0,1,0,4,0,0,2,0,1],"AvgScore":42,"Index":165}
[Log][2020-02-04 04:07:41 225] [2020-02-04 04:07:41 225] 第166代	最高分：43	{"Resolution":[4,0,1,1,0,4,0,0,1,3,0,1,1,0,1,0,4,3,1,1,2,1,4,3,3,4,1,4,0,1,1,0,4,0,4,2,4,0,1,1,0,3,3,3,1,3,3,4,1,0,3,4,0,3,1,0,4,1,0,1,0,4,3,1,0,1,1,1,1,0,4,2,0,1,0,4,0,0,2,0,1],"AvgScore":43,"Index":166}
[Log][2020-02-04 04:09:41 275] [2020-02-04 04:09:41 274] 第167代	最高分：40	{"Resolution":[4,0,1,1,0,4,0,0,1,3,0,1,1,0,1,0,4,3,1,1,2,1,4,3,3,4,1,4,0,1,1,0,4,0,4,2,4,0,1,1,0,3,3,3,1,3,3,4,1,0,3,4,0,3,1,0,4,1,0,1,0,4,3,1,0,1,1,1,1,0,4,2,0,1,0,4,0,0,0,0,1],"AvgScore":40,"Index":167}
[Log][2020-02-04 04:11:41 301] [2020-02-04 04:11:41 301] 第168代	最高分：39	{"Resolution":[4,0,1,1,0,4,0,0,1,3,0,1,1,0,1,0,4,3,1,1,2,1,4,3,3,4,1,4,0,1,1,0,4,0,4,2,4,0,1,1,0,3,3,3,1,3,3,4,1,0,3,4,0,3,1,0,4,1,0,1,0,4,3,1,0,1,1,1,1,0,4,2,0,1,0,4,0,0,0,0,1],"AvgScore":39,"Index":168}
[Log][2020-02-04 04:13:41 348] [2020-02-04 04:13:41 348] 第169代	最高分：40	{"Resolution":[4,0,1,1,0,4,0,0,2,3,0,1,1,0,1,0,4,3,1,0,2,1,4,3,3,4,1,4,0,1,1,0,4,0,4,2,4,0,1,1,0,3,3,3,1,3,3,4,1,0,3,4,0,3,1,0,4,1,0,1,0,4,3,1,0,1,1,1,1,0,4,2,0,1,0,4,0,0,0,0,1],"AvgScore":40,"Index":169}
[Log][2020-02-04 04:15:41 345] [2020-02-04 04:15:41 345] 第170代	最高分：45	{"Resolution":[4,0,1,1,0,4,0,0,2,3,0,1,1,0,1,0,4,3,1,0,2,1,4,3,3,4,1,4,0,1,1,0,4,0,4,2,4,0,1,1,0,3,3,3,1,3,3,4,1,0,3,4,0,3,1,0,4,1,0,1,0,4,3,1,0,1,1,1,1,0,4,2,0,1,0,4,0,0,0,0,1],"AvgScore":45,"Index":170}
[Log][2020-02-04 04:17:41 474] [2020-02-04 04:17:41 473] 第171代	最高分：37	{"Resolution":[4,0,1,1,0,4,0,0,2,3,0,1,1,0,1,0,4,3,1,0,2,1,4,3,3,4,1,4,0,1,1,0,4,0,4,2,4,0,1,1,0,3,3,3,1,3,3,4,1,0,3,4,0,3,1,0,4,1,0,1,0,4,3,1,0,1,1,1,1,0,4,2,0,1,0,4,0,0,0,0,1],"AvgScore":37,"Index":171}
[Log][2020-02-04 04:19:41 561] [2020-02-04 04:19:41 560] 第172代	最高分：38	{"Resolution":[4,0,1,1,0,4,0,0,2,3,0,1,1,0,1,0,4,3,1,0,2,1,4,3,3,4,1,4,0,1,1,0,4,0,4,2,4,0,4,1,0,1,3,3,1,3,3,4,1,0,3,4,0,3,1,0,4,1,0,1,0,4,3,1,0,1,1,1,1,0,4,2,0,1,0,4,0,0,0,0,1],"AvgScore":38,"Index":172}
[Log][2020-02-04 04:21:41 679] [2020-02-04 04:21:41 679] 第173代	最高分：36	{"Resolution":[4,0,1,1,0,4,0,0,2,3,0,1,1,0,1,0,4,3,1,1,2,1,4,3,3,4,1,4,0,1,1,0,4,0,4,2,4,0,4,1,0,1,3,3,1,3,3,4,1,0,3,4,0,3,1,0,4,1,0,1,0,4,3,1,0,1,1,1,1,0,2,2,0,4,0,4,0,0,0,0,1],"AvgScore":36,"Index":173}
[Log][2020-02-04 04:23:41 797] [2020-02-04 04:23:41 797] 第174代	最高分：38	{"Resolution":[4,0,1,1,0,4,0,0,2,3,0,1,1,0,1,0,4,3,1,1,2,1,4,3,3,4,1,4,0,1,1,0,4,0,4,2,4,0,4,1,0,1,3,3,1,3,3,4,1,0,3,4,0,3,1,0,4,1,0,1,0,4,3,1,0,1,1,1,1,0,2,2,0,4,0,0,0,0,0,0,1],"AvgScore":38,"Index":174}
[Log][2020-02-04 04:25:41 897] [2020-02-04 04:25:41 897] 第175代	最高分：41	{"Resolution":[4,0,1,1,0,4,0,0,2,3,0,1,1,0,1,0,4,3,1,1,2,1,4,3,3,4,1,4,0,1,1,0,4,0,4,2,4,0,4,1,0,1,3,3,1,3,3,4,1,0,3,4,3,3,1,0,4,1,0,1,0,4,3,1,0,1,1,1,1,0,0,2,0,4,0,0,0,0,0,0,1],"AvgScore":41,"Index":175}
[Log][2020-02-04 04:27:42 010] [2020-02-04 04:27:42 010] 第176代	最高分：41	{"Resolution":[4,0,1,1,0,4,0,0,2,3,0,1,1,0,1,0,4,3,1,1,2,1,4,3,3,4,1,4,0,1,1,0,4,0,4,2,4,0,4,1,0,1,3,3,1,3,3,4,1,0,3,4,3,3,1,0,4,1,0,1,0,4,3,1,0,1,1,1,1,0,0,2,0,4,0,0,0,0,2,0,1],"AvgScore":41,"Index":176}
[Log][2020-02-04 04:29:42 108] [2020-02-04 04:29:42 108] 第177代	最高分：39	{"Resolution":[4,0,1,1,0,4,0,0,2,3,0,1,1,0,1,0,4,3,1,1,2,1,4,3,3,4,1,4,0,1,1,0,3,0,4,2,4,0,4,1,0,1,3,3,1,3,3,4,1,0,3,4,3,3,1,0,4,1,0,1,0,4,3,1,0,1,1,1,1,0,0,2,0,4,0,0,0,0,2,0,1],"AvgScore":39,"Index":177}
[Log][2020-02-04 04:31:42 364] [2020-02-04 04:31:42 364] 第178代	最高分：44	{"Resolution":[4,0,1,1,0,4,0,0,2,3,0,1,1,0,1,0,4,3,1,1,1,1,4,3,3,4,1,4,0,1,1,0,3,0,4,2,4,0,4,1,0,1,3,3,1,3,3,4,1,0,3,4,3,3,1,0,4,1,0,1,0,4,0,1,0,1,1,1,1,0,0,2,0,4,0,0,0,0,2,0,1],"AvgScore":44,"Index":178}
[Log][2020-02-04 04:33:42 488] [2020-02-04 04:33:42 487] 第179代	最高分：40	{"Resolution":[4,0,1,1,0,4,0,0,2,3,0,1,1,0,1,0,4,3,1,1,1,1,4,3,3,4,1,4,0,1,1,0,3,0,4,2,4,0,4,1,0,1,3,3,1,3,3,4,1,0,3,4,3,3,1,0,4,1,0,1,0,4,0,1,0,1,1,1,1,0,0,2,0,4,0,0,0,0,2,0,1],"AvgScore":40,"Index":179}
[Log][2020-02-04 04:35:42 452] [2020-02-04 04:35:42 452] 第180代	最高分：48	{"Resolution":[4,0,1,1,0,4,0,0,2,3,0,1,1,0,1,0,4,3,1,1,1,1,4,3,4,4,1,4,0,1,1,0,3,0,4,2,4,0,4,1,0,1,3,3,1,3,3,4,1,0,3,4,3,3,1,0,1,1,0,1,0,4,0,1,0,1,1,1,1,0,0,2,0,4,0,0,0,0,2,0,1],"AvgScore":48,"Index":180}
[Log][2020-02-04 04:37:42 614] [2020-02-04 04:37:42 613] 第181代	最高分：42	{"Resolution":[4,0,1,1,0,4,0,0,2,3,0,1,1,0,1,0,4,3,1,1,1,1,4,3,4,4,1,4,0,1,1,0,3,0,4,2,4,0,1,1,0,1,3,3,1,3,3,4,1,0,3,4,3,3,1,0,1,1,0,1,0,4,0,1,0,1,1,1,1,0,0,2,0,4,0,0,0,0,2,0,1],"AvgScore":42,"Index":181}
[Log][2020-02-04 04:39:42 672] [2020-02-04 04:39:42 671] 第182代	最高分：44	{"Resolution":[4,0,1,1,0,4,0,0,2,3,0,1,1,0,1,0,4,3,1,1,1,1,4,2,4,4,1,4,0,1,1,0,3,0,4,2,4,0,1,1,0,1,3,3,1,3,3,4,1,0,3,4,3,3,1,0,1,1,0,1,0,4,0,1,0,1,1,1,1,0,0,2,0,4,0,0,0,0,2,0,0],"AvgScore":44,"Index":182}
[Log][2020-02-04 04:41:42 682] [2020-02-04 04:41:42 682] 第183代	最高分：41	{"Resolution":[4,0,1,1,0,4,0,0,2,3,0,1,1,0,1,0,4,3,1,1,1,1,4,2,4,4,1,4,0,1,1,0,3,0,4,2,4,0,1,1,0,1,3,3,1,3,3,4,1,0,3,4,3,3,1,0,1,1,0,1,0,4,0,1,0,1,1,1,1,0,0,2,0,4,0,0,0,0,2,0,0],"AvgScore":41,"Index":183}
[Log][2020-02-04 04:43:42 764] [2020-02-04 04:43:42 763] 第184代	最高分：46	{"Resolution":[4,0,1,1,0,4,0,0,2,3,0,1,1,0,1,0,4,3,1,1,1,1,4,2,4,4,1,4,0,1,1,0,3,0,4,2,4,0,1,1,0,1,3,3,1,3,3,4,1,0,3,4,3,3,1,0,1,1,0,1,0,4,0,1,0,1,1,1,1,0,0,2,0,4,0,0,0,0,2,0,0],"AvgScore":46,"Index":184}
[Log][2020-02-04 04:45:42 850] [2020-02-04 04:45:42 850] 第185代	最高分：45	{"Resolution":[4,0,1,1,0,1,0,0,2,3,0,1,1,0,1,0,4,3,1,1,1,1,4,2,4,4,1,4,0,1,1,0,3,0,4,2,4,0,1,1,0,1,3,3,1,3,3,4,1,0,3,4,3,3,1,0,1,1,0,1,0,4,0,1,0,1,1,1,1,0,0,2,0,4,0,0,0,0,2,0,0],"AvgScore":45,"Index":185}
[Log][2020-02-04 04:47:43 073] [2020-02-04 04:47:43 073] 第186代	最高分：42	{"Resolution":[4,0,1,1,0,1,0,0,2,3,0,1,1,0,1,0,4,3,1,1,1,1,4,2,4,4,1,4,0,1,1,0,3,0,4,2,4,0,1,1,0,1,3,3,1,3,3,4,1,0,3,4,3,3,1,0,1,1,0,1,0,4,0,1,0,1,1,1,1,0,0,2,0,4,0,0,0,0,2,0,0],"AvgScore":42,"Index":186}
[Log][2020-02-04 04:49:43 149] [2020-02-04 04:49:43 149] 第187代	最高分：45	{"Resolution":[4,0,1,1,0,1,0,0,2,3,0,1,1,0,1,0,0,3,1,1,1,1,4,2,4,4,1,4,0,1,1,0,3,0,4,2,4,0,1,1,0,1,3,3,1,3,3,4,1,0,3,4,3,3,1,0,1,1,0,1,0,4,3,1,0,1,1,1,1,0,0,2,0,4,0,0,0,0,2,0,0],"AvgScore":45,"Index":187}
[Log][2020-02-04 04:51:43 257] [2020-02-04 04:51:43 257] 第188代	最高分：41	{"Resolution":[4,0,1,1,0,1,0,0,2,3,0,1,1,0,1,0,0,3,1,1,1,1,4,1,4,4,1,4,0,1,1,0,3,0,4,2,4,0,1,1,0,1,3,3,1,3,3,4,1,0,3,4,3,3,1,0,1,1,0,1,0,4,3,1,0,1,1,1,1,0,0,2,0,4,0,0,0,0,3,0,0],"AvgScore":41,"Index":188}
[Log][2020-02-04 04:53:43 426] [2020-02-04 04:53:43 425] 第189代	最高分：41	{"Resolution":[4,0,1,1,0,1,0,0,2,3,0,1,1,0,1,0,0,3,1,1,1,1,4,1,4,4,0,4,0,1,1,0,3,0,4,2,4,0,1,1,0,1,3,3,1,3,3,4,3,0,3,4,3,3,1,0,1,1,0,1,0,4,3,1,0,1,1,1,1,0,0,2,0,4,0,0,0,0,3,0,0],"AvgScore":41,"Index":189}
[Log][2020-02-04 04:55:43 536] [2020-02-04 04:55:43 536] 第190代	最高分：42	{"Resolution":[4,0,1,1,0,1,0,0,2,3,0,1,1,0,1,0,0,3,1,1,1,1,4,1,4,4,0,4,0,1,1,0,3,0,4,2,4,0,1,1,0,1,3,3,1,3,3,4,3,0,3,4,3,3,1,0,1,1,0,1,0,4,3,1,0,1,1,1,1,0,0,2,0,4,0,0,0,0,3,0,0],"AvgScore":42,"Index":190}
[Log][2020-02-04 04:57:43 575] [2020-02-04 04:57:43 575] 第191代	最高分：47	{"Resolution":[4,0,1,1,0,1,0,0,2,3,0,1,1,0,1,0,0,3,1,1,4,1,4,1,4,4,0,4,0,1,1,0,3,0,4,2,4,0,1,1,0,1,3,3,1,3,3,4,3,0,3,4,3,3,1,0,1,1,0,1,0,4,3,1,0,1,1,1,1,0,0,2,0,4,0,0,0,0,3,0,0],"AvgScore":47,"Index":191}
[Log][2020-02-04 04:59:43 566] [2020-02-04 04:59:43 566] 第192代	最高分：45	{"Resolution":[4,0,1,1,0,1,0,0,2,3,0,1,1,0,1,0,0,3,1,1,4,1,4,1,4,4,0,4,0,1,1,0,3,0,3,2,4,0,1,1,0,1,3,3,1,3,3,4,3,0,3,4,3,3,1,0,1,1,0,1,0,4,3,1,0,1,1,1,1,0,0,2,0,4,0,0,0,0,3,0,0],"AvgScore":45,"Index":192}
[Log][2020-02-04 05:01:43 591] [2020-02-04 05:01:43 591] 第193代	最高分：45	{"Resolution":[4,0,1,1,0,1,0,0,2,3,0,1,1,0,1,0,0,3,1,1,4,1,4,1,4,4,0,4,0,1,1,0,3,0,3,2,4,0,1,1,0,1,3,3,1,3,3,4,3,0,3,4,3,3,1,0,1,1,0,1,0,4,3,1,0,1,1,1,1,0,0,2,0,4,0,0,0,0,1,0,0],"AvgScore":45,"Index":193}
[Log][2020-02-04 05:03:43 527] [2020-02-04 05:03:43 527] 第194代	最高分：45	{"Resolution":[4,0,1,1,0,1,0,0,2,3,0,1,1,0,1,0,0,3,1,1,4,1,4,1,4,4,0,4,0,1,1,0,3,0,3,2,4,0,1,1,0,1,3,3,1,3,3,4,3,0,3,3,3,3,1,0,1,1,0,1,0,4,3,1,0,1,1,1,1,0,0,2,0,4,0,0,3,0,1,0,0],"AvgScore":45,"Index":194}
[Log][2020-02-04 05:05:43 645] [2020-02-04 05:05:43 644] 第195代	最高分：44	{"Resolution":[4,0,1,1,0,1,0,0,2,3,0,1,1,0,1,0,0,3,1,1,4,1,4,1,4,4,0,4,0,1,1,0,3,0,3,2,4,0,1,1,0,1,3,3,1,3,3,4,3,0,3,3,3,3,1,0,1,1,0,1,0,4,3,1,0,1,1,1,1,0,0,2,0,4,0,0,3,0,1,0,0],"AvgScore":44,"Index":195}
[Log][2020-02-04 05:07:43 752] [2020-02-04 05:07:43 752] 第196代	最高分：42	{"Resolution":[4,0,1,1,0,1,0,0,2,3,0,1,1,0,1,0,0,3,1,1,4,1,4,1,4,4,0,4,0,1,1,0,3,0,3,2,4,0,1,1,0,1,0,3,1,3,3,4,3,0,3,3,3,3,1,0,1,1,0,1,0,4,3,1,0,1,1,1,1,0,0,2,0,4,0,0,3,0,1,0,0],"AvgScore":42,"Index":196}
[Log][2020-02-04 05:09:43 869] [2020-02-04 05:09:43 868] 第197代	最高分：39	{"Resolution":[4,0,1,1,0,1,0,0,2,3,0,1,1,0,1,0,0,3,1,1,4,1,4,1,4,4,0,4,0,1,1,0,3,0,3,2,4,0,1,1,0,1,0,3,4,3,3,4,3,0,3,3,3,3,1,0,1,1,0,1,0,4,3,1,0,1,1,1,1,0,0,2,0,4,0,0,3,0,1,0,0],"AvgScore":39,"Index":197}
[Log][2020-02-04 05:11:44 064] [2020-02-04 05:11:44 064] 第198代	最高分：47	{"Resolution":[4,0,1,1,0,1,0,0,2,3,0,1,1,0,1,0,0,3,1,1,4,1,4,1,4,4,0,4,0,1,1,0,3,0,3,2,4,0,1,1,0,1,0,3,4,3,3,4,1,0,3,3,3,3,1,0,1,1,0,1,0,4,3,1,0,1,1,1,1,0,0,2,0,4,0,0,3,0,1,2,0],"AvgScore":47,"Index":198}
[Log][2020-02-04 05:13:44 227] [2020-02-04 05:13:44 226] 第199代	最高分：42	{"Resolution":[4,0,1,1,0,1,0,0,4,3,0,1,1,0,1,0,0,3,1,1,4,1,4,1,4,4,0,4,0,1,1,0,3,0,3,2,4,0,1,1,0,1,0,3,4,3,3,4,1,0,3,3,3,3,1,0,1,1,0,1,0,4,3,1,0,1,1,1,1,0,0,2,0,4,0,0,3,1,1,2,0],"AvgScore":42,"Index":199}
[Log][2020-02-04 05:15:44 339] [2020-02-04 05:15:44 338] 第200代	最高分：44	{"Resolution":[4,0,1,1,0,1,0,0,4,3,0,1,1,0,1,0,0,3,1,1,4,1,4,3,4,4,0,4,0,1,1,0,3,0,3,2,4,0,1,1,0,1,0,3,4,3,3,4,1,0,3,3,3,3,1,0,1,1,0,1,0,4,3,1,0,1,1,1,1,0,0,2,0,4,0,0,3,1,1,2,0],"AvgScore":44,"Index":200}
[Log][2020-02-04 05:17:44 419] [2020-02-04 05:17:44 418] 第201代	最高分：45	{"Resolution":[4,0,1,1,0,1,0,0,4,3,0,1,1,0,1,0,0,3,1,1,4,1,4,3,4,4,0,4,0,1,1,0,3,0,3,2,4,0,1,1,0,1,0,3,4,3,3,4,1,0,3,3,3,3,1,0,1,1,0,1,0,4,3,1,0,1,1,1,1,0,0,2,0,4,0,0,3,1,1,2,0],"AvgScore":45,"Index":201}
[Log][2020-02-04 05:19:44 461] [2020-02-04 05:19:44 461] 第202代	最高分：44	{"Resolution":[4,0,1,1,0,1,0,0,4,3,0,1,1,0,1,0,0,3,1,1,4,1,4,3,4,4,0,4,0,1,1,0,3,0,3,2,4,0,1,1,0,1,0,3,4,3,3,4,1,0,3,3,3,4,1,0,1,1,0,1,0,4,3,1,0,1,1,1,1,0,0,2,0,4,0,0,3,1,1,2,0],"AvgScore":44,"Index":202}
[Log][2020-02-04 05:21:44 503] [2020-02-04 05:21:44 503] 第203代	最高分：45	{"Resolution":[4,0,1,1,0,1,0,0,4,3,0,1,1,0,1,0,0,3,1,1,4,1,4,3,4,0,0,4,0,1,1,0,3,0,3,2,4,0,1,1,0,1,0,3,4,3,3,4,1,0,3,3,3,4,1,0,1,1,0,1,0,4,3,1,0,1,1,1,1,0,0,2,0,4,0,0,3,1,1,2,0],"AvgScore":45,"Index":203}
[Log][2020-02-04 05:23:44 314] [2020-02-04 05:23:44 314] 第204代	最高分：41	{"Resolution":[4,0,1,1,0,1,0,0,4,3,0,1,1,0,1,0,0,3,1,1,4,1,4,3,4,0,0,4,0,1,1,0,3,0,3,2,4,0,1,1,0,1,0,3,4,3,3,4,1,0,3,3,3,4,1,0,1,1,0,1,0,4,3,1,0,1,1,1,1,0,0,2,0,4,0,0,3,1,1,2,0],"AvgScore":41,"Index":204}
[Log][2020-02-04 05:25:44 371] [2020-02-04 05:25:44 371] 第205代	最高分：43	{"Resolution":[4,0,1,1,0,1,0,0,4,3,0,1,1,0,1,0,0,3,1,1,4,1,4,3,4,0,0,4,0,1,1,0,3,0,3,2,4,0,1,1,0,1,0,3,4,3,3,4,1,0,3,3,3,4,1,0,1,1,0,1,0,4,3,1,4,1,1,1,1,0,0,2,0,4,0,0,3,1,1,2,0],"AvgScore":43,"Index":205}
[Log][2020-02-04 05:27:44 515] [2020-02-04 05:27:44 514] 第206代	最高分：41	{"Resolution":[4,0,1,1,0,1,0,0,4,3,0,1,1,0,1,0,0,3,1,1,4,1,4,3,4,0,3,4,0,1,1,0,3,0,3,2,4,0,1,1,0,1,0,3,4,3,3,4,1,0,3,3,3,4,1,0,1,1,0,1,0,4,3,1,4,1,1,1,1,0,0,2,0,4,0,0,4,1,1,2,0],"AvgScore":41,"Index":206}
[Log][2020-02-04 05:29:44 588] [2020-02-04 05:29:44 588] 第207代	最高分：42	{"Resolution":[4,0,1,1,0,1,0,0,4,3,0,1,1,0,1,0,0,3,1,1,4,1,4,3,4,0,3,4,0,1,1,0,3,0,0,2,4,0,1,1,0,1,0,3,4,3,3,4,1,0,3,3,3,4,1,0,1,1,0,1,0,4,3,1,4,1,1,1,1,0,0,1,0,4,0,0,4,1,1,2,0],"AvgScore":42,"Index":207}
[Log][2020-02-04 05:31:44 508] [2020-02-04 05:31:44 508] 第208代	最高分：45	{"Resolution":[4,0,1,1,0,1,0,0,4,3,0,1,1,0,1,0,0,3,1,1,4,1,4,3,4,0,3,4,0,1,1,0,3,0,0,2,4,0,1,1,0,1,0,3,4,3,3,4,1,0,3,3,3,4,1,0,1,1,0,1,0,2,3,1,4,1,1,1,1,0,0,1,0,4,0,0,4,1,1,2,0],"AvgScore":45,"Index":208}
[Log][2020-02-04 05:33:44 464] [2020-02-04 05:33:44 464] 第209代	最高分：42	{"Resolution":[4,0,1,1,0,1,0,0,4,3,0,1,1,0,1,0,0,3,1,1,4,1,4,3,4,0,3,4,0,1,1,0,3,0,0,2,4,0,1,1,0,1,0,3,4,3,3,4,1,0,3,3,3,4,1,0,1,1,0,1,0,0,3,1,4,1,1,1,1,0,0,1,0,4,0,0,4,1,1,2,0],"AvgScore":42,"Index":209}
[Log][2020-02-04 05:35:44 326] [2020-02-04 05:35:44 325] 第210代	最高分：45	{"Resolution":[4,0,1,1,0,1,0,0,4,3,0,1,1,0,1,0,4,3,1,1,4,1,4,3,4,0,3,4,0,1,1,0,3,0,0,2,4,0,1,1,0,1,0,0,4,3,3,4,1,0,3,3,3,4,1,0,1,1,0,1,0,0,3,1,4,1,1,1,4,0,0,1,0,4,0,0,4,1,1,2,0],"AvgScore":45,"Index":210}
[Log][2020-02-04 05:37:44 686] [2020-02-04 05:37:44 685] 第211代	最高分：44	{"Resolution":[4,0,1,1,0,1,0,0,4,3,0,1,1,0,1,0,4,3,1,1,4,1,4,3,4,0,3,4,0,1,1,0,3,0,0,2,4,0,1,1,0,1,0,0,4,3,3,4,1,0,3,3,3,4,1,0,1,1,0,1,0,0,3,1,4,1,1,1,4,0,0,1,0,4,0,0,4,1,1,2,0],"AvgScore":44,"Index":211}
[Log][2020-02-04 05:39:44 703] [2020-02-04 05:39:44 703] 第212代	最高分：41	{"Resolution":[4,0,1,1,0,1,0,0,4,3,0,1,1,0,1,0,4,3,1,1,4,1,4,3,4,0,3,4,0,1,1,0,4,0,0,2,4,0,1,1,0,1,0,0,4,3,3,1,1,0,3,3,3,4,1,0,1,1,0,1,0,0,3,1,4,1,1,1,4,0,0,1,0,4,0,0,4,1,1,2,0],"AvgScore":41,"Index":212}
[Log][2020-02-04 05:41:44 655] [2020-02-04 05:41:44 655] 第213代	最高分：47	{"Resolution":[4,0,1,1,0,1,0,0,4,3,0,1,1,0,1,0,4,3,1,1,4,1,4,3,4,0,3,4,0,1,1,0,4,0,0,2,4,0,1,1,0,1,0,0,4,3,3,1,1,0,3,3,3,4,1,0,1,1,0,1,0,0,3,1,4,1,1,1,4,0,0,1,0,4,0,0,4,1,1,2,0],"AvgScore":47,"Index":213}
[Log][2020-02-04 05:43:44 665] [2020-02-04 05:43:44 665] 第214代	最高分：42	{"Resolution":[4,0,1,1,0,1,0,0,4,3,0,1,1,0,1,0,4,3,1,1,4,1,4,3,4,0,3,4,0,1,1,0,4,0,0,2,4,0,1,1,0,1,0,0,4,3,3,1,1,0,3,3,3,4,1,0,1,1,0,2,0,0,3,1,4,1,1,1,4,0,0,1,0,4,0,0,4,1,1,2,0],"AvgScore":42,"Index":214}
[Log][2020-02-04 05:45:44 723] [2020-02-04 05:45:44 723] 第215代	最高分：41	{"Resolution":[4,0,1,1,0,1,0,0,4,3,0,1,1,0,1,0,4,3,1,1,4,1,4,3,4,0,3,4,0,1,1,0,4,0,0,2,4,0,1,1,0,1,0,0,4,3,3,1,1,0,3,3,3,4,1,0,1,1,0,2,0,0,3,1,4,1,1,1,4,0,0,1,0,4,0,0,4,1,1,2,0],"AvgScore":41,"Index":215}
[Log][2020-02-04 05:47:44 798] [2020-02-04 05:47:44 798] 第216代	最高分：43	{"Resolution":[4,0,1,1,0,1,0,0,4,3,0,1,1,0,1,0,4,3,1,1,4,1,4,3,4,0,3,4,0,1,1,0,4,0,0,2,4,0,1,1,0,1,0,0,4,3,4,1,1,0,3,3,3,4,1,0,1,1,0,2,0,0,3,1,4,1,1,1,4,0,0,1,0,0,0,0,4,1,1,2,0],"AvgScore":43,"Index":216}
[Log][2020-02-04 05:49:44 853] [2020-02-04 05:49:44 853] 第217代	最高分：39	{"Resolution":[4,0,1,1,0,1,0,0,2,3,0,1,1,0,1,0,4,3,1,1,4,1,1,3,4,0,3,4,0,1,1,0,4,0,0,2,4,0,1,1,0,1,0,0,4,3,4,1,1,0,3,3,3,4,1,0,1,1,0,2,0,0,3,1,4,1,1,1,4,0,0,1,0,0,0,0,4,1,1,2,0],"AvgScore":39,"Index":217}
[Log][2020-02-04 05:51:44 912] [2020-02-04 05:51:44 912] 第218代	最高分：44	{"Resolution":[4,0,1,1,0,1,0,0,2,3,0,1,1,0,1,0,4,3,1,1,4,1,1,3,4,0,3,4,0,1,1,0,4,0,0,2,4,0,1,1,0,1,0,0,4,3,4,1,1,0,3,3,3,4,1,0,1,1,0,2,0,0,3,1,4,1,1,1,4,0,0,3,0,0,0,0,4,1,1,2,0],"AvgScore":44,"Index":218}
[Log][2020-02-04 05:53:44 985] [2020-02-04 05:53:44 985] 第219代	最高分：44	{"Resolution":[4,0,1,1,0,1,0,0,2,3,0,1,1,0,1,0,4,3,1,1,4,1,1,4,4,0,3,4,0,1,1,0,4,0,0,2,4,0,1,1,0,1,0,0,4,3,4,1,1,0,3,3,3,4,1,0,1,1,0,2,0,0,3,1,4,1,1,1,4,0,0,3,0,0,0,0,4,1,1,2,0],"AvgScore":44,"Index":219}
[Log][2020-02-04 05:55:45 034] [2020-02-04 05:55:45 033] 第220代	最高分：37	{"Resolution":[4,0,1,1,0,1,0,0,2,3,0,1,1,0,1,0,4,3,1,1,4,1,1,4,4,0,3,4,0,1,1,0,4,0,0,2,4,0,1,1,0,1,0,0,4,3,4,1,1,0,3,3,3,4,1,0,1,1,0,2,0,0,3,1,4,1,1,1,4,0,1,3,0,0,0,0,4,1,1,2,0],"AvgScore":37,"Index":220}
[Log][2020-02-04 05:57:45 113] [2020-02-04 05:57:45 112] 第221代	最高分：44	{"Resolution":[4,0,1,1,0,1,0,0,2,3,0,1,1,0,1,0,4,3,1,1,4,1,1,4,4,0,3,4,0,1,1,0,4,0,0,2,4,0,1,1,0,1,0,0,4,1,4,1,1,0,3,3,3,4,1,0,1,1,0,2,0,0,3,1,4,1,1,1,4,0,1,3,0,0,0,0,4,1,1,2,0],"AvgScore":44,"Index":221}
[Log][2020-02-04 05:59:45 249] [2020-02-04 05:59:45 248] 第222代	最高分：44	{"Resolution":[4,0,1,1,0,1,0,0,2,3,0,1,1,0,1,0,4,3,1,1,4,1,1,1,4,0,3,4,0,1,1,0,4,0,0,2,4,0,1,1,0,1,0,0,4,1,4,1,1,0,3,3,3,4,1,0,1,1,0,2,0,0,3,1,4,1,1,1,4,0,1,3,3,0,0,0,4,1,1,2,0],"AvgScore":44,"Index":222}
[Log][2020-02-04 06:01:45 381] [2020-02-04 06:01:45 381] 第223代	最高分：43	{"Resolution":[4,0,1,1,0,1,0,0,2,3,0,1,1,0,1,0,4,3,1,1,4,1,1,1,4,0,3,4,0,1,1,0,4,0,0,2,4,0,1,1,0,1,0,0,4,1,0,1,1,0,3,3,3,4,1,0,1,1,0,2,0,0,3,1,4,1,1,1,4,0,1,3,3,0,0,0,4,1,1,2,0],"AvgScore":43,"Index":223}
[Log][2020-02-04 06:03:45 510] [2020-02-04 06:03:45 509] 第224代	最高分：45	{"Resolution":[4,0,1,1,0,1,0,0,2,3,0,1,1,0,1,0,4,3,1,1,4,1,1,1,4,0,3,4,0,1,1,0,4,0,0,2,4,0,1,1,3,1,0,0,4,1,0,1,1,0,3,3,3,0,1,0,1,1,0,2,0,0,3,1,4,1,1,1,4,0,1,3,3,0,0,0,4,1,1,2,0],"AvgScore":45,"Index":224}
[Log][2020-02-04 06:05:46 054] [2020-02-04 06:05:46 054] 第225代	最高分：45	{"Resolution":[4,0,1,1,0,1,0,0,2,3,0,1,1,0,1,0,4,3,1,1,4,1,1,1,4,3,3,4,0,1,1,0,4,0,0,2,4,0,1,1,3,1,0,0,4,1,0,1,1,0,3,3,3,0,1,0,1,1,0,2,0,0,3,1,4,1,1,1,4,0,1,3,3,0,0,0,4,1,1,2,2],"AvgScore":45,"Index":225}
[Log][2020-02-04 06:07:47 172] [2020-02-04 06:07:47 171] 第226代	最高分：41	{"Resolution":[4,0,1,1,0,1,0,0,2,3,0,1,1,0,1,0,4,3,1,0,4,1,1,1,4,3,3,4,0,1,1,0,4,0,0,2,4,0,1,1,3,1,0,0,4,1,0,1,1,0,3,3,3,0,1,0,1,1,0,2,0,0,3,1,4,1,1,1,4,0,1,3,3,0,0,0,4,1,1,2,2],"AvgScore":41,"Index":226}
[Log][2020-02-04 06:09:48 017] [2020-02-04 06:09:48 016] 第227代	最高分：40	{"Resolution":[4,0,1,1,0,3,0,0,2,3,0,1,1,0,1,0,4,3,1,0,4,1,1,1,4,3,3,4,0,1,1,0,4,0,0,2,4,0,1,1,3,1,0,0,4,1,0,1,1,0,3,3,3,0,1,0,1,1,0,2,0,0,3,1,4,1,1,1,4,0,1,3,3,0,0,0,4,1,1,2,2],"AvgScore":40,"Index":227}
[Log][2020-02-04 06:11:48 924] [2020-02-04 06:11:48 924] 第228代	最高分：41	{"Resolution":[4,0,1,1,1,3,0,0,2,3,0,1,1,0,1,0,4,3,1,0,4,1,1,1,4,3,3,4,0,1,1,0,4,0,0,2,4,0,1,1,3,1,0,0,4,1,0,1,1,0,3,3,3,3,1,0,1,1,0,2,0,0,3,1,4,1,1,1,4,0,1,3,3,0,0,0,4,1,1,2,2],"AvgScore":41,"Index":228}
[Log][2020-02-04 06:13:50 039] [2020-02-04 06:13:50 039] 第229代	最高分：37	{"Resolution":[4,0,1,1,1,3,0,0,2,3,0,1,1,0,1,0,4,3,1,1,4,1,1,1,4,3,3,4,0,1,1,0,4,0,0,2,4,0,1,1,3,1,0,0,4,1,0,1,1,0,3,3,3,3,1,0,1,1,0,2,0,0,3,1,4,1,1,1,4,0,1,3,3,0,0,0,1,1,1,2,2],"AvgScore":37,"Index":229}
[Log][2020-02-04 06:15:50 913] [2020-02-04 06:15:50 913] 第230代	最高分：40	{"Resolution":[4,0,1,1,1,3,0,0,2,3,0,1,1,0,1,0,4,3,1,1,4,1,1,1,4,3,3,4,0,1,1,0,4,0,0,2,4,0,1,1,3,1,0,0,4,1,0,1,1,0,3,3,3,3,1,0,1,1,0,2,0,0,3,1,4,1,1,1,4,0,1,3,3,0,0,0,1,0,1,2,2],"AvgScore":40,"Index":230}
[Log][2020-02-04 06:17:51 851] [2020-02-04 06:17:51 850] 第231代	最高分：37	{"Resolution":[4,0,1,1,0,3,0,0,2,3,0,1,1,0,1,0,4,3,1,1,4,1,1,1,4,3,3,4,0,1,1,0,4,0,0,2,4,0,1,1,3,1,0,0,4,1,0,1,1,0,3,3,3,3,1,0,1,1,0,2,0,4,3,1,4,1,1,1,4,0,1,3,3,0,0,0,1,0,4,2,2],"AvgScore":37,"Index":231}
[Log][2020-02-04 06:19:52 730] [2020-02-04 06:19:52 729] 第232代	最高分：39	{"Resolution":[4,0,1,1,0,3,0,0,2,3,0,1,1,0,1,0,4,3,1,1,4,1,1,1,4,3,3,4,0,1,1,0,4,0,0,2,4,0,1,1,3,1,0,0,4,1,0,1,1,0,3,3,3,3,1,0,1,1,0,2,0,4,3,1,4,1,1,1,4,0,1,3,3,0,0,0,1,0,4,2,2],"AvgScore":39,"Index":232}
[Log][2020-02-04 06:21:53 613] [2020-02-04 06:21:53 612] 第233代	最高分：40	{"Resolution":[4,0,1,1,0,3,0,0,2,3,0,1,1,0,1,0,4,3,1,1,4,1,1,3,4,3,3,4,0,1,1,0,4,0,0,2,4,0,1,1,3,1,0,0,4,1,0,1,1,0,3,3,3,3,1,0,1,1,0,2,0,4,3,1,4,1,1,1,4,0,1,3,3,0,0,0,1,0,4,2,2],"AvgScore":40,"Index":233}
[Log][2020-02-04 06:23:54 437] [2020-02-04 06:23:54 437] 第234代	最高分：45	{"Resolution":[4,0,1,1,0,3,0,0,2,3,0,1,1,0,1,0,4,3,1,1,4,1,1,3,4,3,3,4,0,1,1,0,4,0,0,2,4,0,1,1,3,1,0,0,4,1,0,1,1,0,3,3,3,3,1,0,1,1,0,1,0,4,3,1,4,1,1,1,4,0,1,3,3,0,2,0,1,0,4,2,2],"AvgScore":45,"Index":234}
[Log][2020-02-04 06:25:55 453] [2020-02-04 06:25:55 453] 第235代	最高分：42	{"Resolution":[4,0,1,1,0,3,0,0,2,3,0,1,1,0,1,0,4,3,1,1,4,1,1,3,4,3,3,4,0,1,1,0,4,0,0,2,4,0,1,1,3,1,0,0,4,1,0,1,1,0,3,3,3,3,1,0,1,1,0,1,0,4,3,1,4,1,1,1,4,0,1,3,3,0,2,0,1,0,4,2,2],"AvgScore":42,"Index":235}
[Log][2020-02-04 06:27:56 461] [2020-02-04 06:27:56 460] 第236代	最高分：43	{"Resolution":[4,0,1,1,0,3,0,0,2,3,0,1,1,0,1,0,0,3,1,1,4,1,1,3,4,3,3,4,0,1,1,0,4,0,0,2,4,0,1,1,3,1,0,0,4,1,0,1,1,0,3,3,3,3,1,0,1,1,0,1,0,4,3,1,4,1,1,1,4,0,1,3,3,0,2,0,1,0,4,2,2],"AvgScore":43,"Index":236}
[Log][2020-02-04 06:29:57 353] [2020-02-04 06:29:57 353] 第237代	最高分：41	{"Resolution":[4,0,1,1,0,3,0,0,2,3,0,1,1,0,1,0,0,3,1,1,4,1,1,3,4,3,3,4,0,1,1,0,4,0,0,2,4,0,1,1,3,1,0,0,4,1,0,1,1,0,1,3,3,3,1,0,1,1,0,1,0,4,0,1,4,1,1,1,4,0,1,3,3,0,2,0,1,0,4,2,2],"AvgScore":41,"Index":237}
[Log][2020-02-04 06:31:58 283] [2020-02-04 06:31:58 282] 第238代	最高分：39	{"Resolution":[4,0,1,1,0,3,0,0,2,3,0,1,1,0,1,0,0,3,1,1,4,1,1,3,4,3,3,4,0,1,1,0,4,0,0,2,4,0,1,1,3,1,0,0,4,1,0,1,1,0,1,3,3,3,1,0,1,1,0,1,0,4,0,1,4,1,1,1,4,0,1,3,3,2,2,0,1,0,4,2,2],"AvgScore":39,"Index":238}
[Log][2020-02-04 06:33:59 106] [2020-02-04 06:33:59 105] 第239代	最高分：43	{"Resolution":[4,0,1,1,0,3,0,0,2,3,0,1,1,0,1,0,0,3,1,1,4,1,1,3,4,3,3,4,0,1,1,0,4,0,0,2,4,0,1,1,3,1,0,0,4,1,0,1,1,0,1,3,3,3,1,0,1,1,0,1,0,4,0,1,4,1,1,1,4,0,1,3,3,2,2,0,1,0,4,2,2],"AvgScore":43,"Index":239}
[Log][2020-02-04 06:35:59 698] [2020-02-04 06:35:59 698] 第240代	最高分：36	{"Resolution":[4,0,1,1,0,3,0,0,2,3,0,1,1,0,1,0,0,3,1,1,4,1,1,3,4,3,3,4,0,1,1,0,4,0,0,2,4,0,3,1,3,1,0,0,4,1,0,1,1,0,1,3,3,3,1,0,1,1,0,1,0,4,0,1,4,1,1,1,4,0,1,3,3,2,0,0,1,0,4,2,2],"AvgScore":36,"Index":240}
[Log][2020-02-04 06:37:59 934] [2020-02-04 06:37:59 934] 第241代	最高分：42	{"Resolution":[4,0,1,1,0,3,0,0,2,3,0,1,1,0,1,0,0,3,1,1,4,1,1,3,4,3,3,4,0,1,1,0,4,0,0,2,4,0,3,1,1,1,0,0,4,1,0,1,1,0,1,3,3,2,1,0,1,1,0,1,0,4,0,1,4,1,1,1,4,0,1,3,3,2,0,0,1,0,4,2,2],"AvgScore":42,"Index":241}
[Log][2020-02-04 06:40:00 080] [2020-02-04 06:40:00 080] 第242代	最高分：45	{"Resolution":[4,0,1,1,0,3,0,0,2,3,0,1,1,0,1,0,0,3,1,1,4,1,1,3,4,3,3,4,0,1,1,0,4,0,0,2,4,0,3,1,1,1,0,0,4,1,0,1,1,0,1,3,3,2,1,0,1,1,0,1,0,4,0,1,4,1,1,1,4,0,1,3,3,2,0,0,1,0,4,2,2],"AvgScore":45,"Index":242}
[Log][2020-02-04 06:42:00 417] [2020-02-04 06:42:00 417] 第243代	最高分：41	{"Resolution":[4,0,1,1,0,3,0,0,2,3,0,1,1,0,1,0,0,3,1,1,4,1,1,3,4,3,3,4,0,1,1,0,4,0,0,2,4,0,3,1,1,1,0,0,1,1,0,1,4,0,1,3,3,2,1,0,1,1,0,1,0,4,0,1,4,1,1,1,4,0,1,3,3,2,0,0,1,0,4,2,2],"AvgScore":41,"Index":243}
[Log][2020-02-04 06:44:00 606] [2020-02-04 06:44:00 606] 第244代	最高分：44	{"Resolution":[4,0,1,1,0,3,0,0,2,3,0,1,1,0,1,0,0,3,1,1,4,1,1,3,4,3,3,4,0,1,1,0,4,0,0,2,4,0,3,1,1,1,0,0,1,1,0,1,4,0,1,3,3,2,1,0,1,1,0,1,0,4,0,1,4,1,1,1,4,0,1,3,3,2,0,0,1,0,4,2,2],"AvgScore":44,"Index":244}
[Log][2020-02-04 06:46:00 668] [2020-02-04 06:46:00 667] 第245代	最高分：39	{"Resolution":[4,0,1,1,0,3,0,0,2,3,0,1,1,0,1,0,0,3,1,1,4,1,1,3,4,4,3,4,0,1,1,0,4,0,0,2,4,0,3,1,1,1,0,0,1,1,0,1,4,0,1,3,3,2,1,0,1,1,0,1,0,4,0,1,4,1,1,1,4,0,1,3,3,2,0,0,1,0,4,2,2],"AvgScore":39,"Index":245}
[Log][2020-02-04 06:48:00 793] [2020-02-04 06:48:00 793] 第246代	最高分：43	{"Resolution":[4,0,1,1,0,3,0,0,2,3,0,1,1,0,1,0,0,3,1,1,4,1,1,3,4,4,3,4,0,1,1,0,4,0,0,2,4,0,3,1,1,1,0,0,1,1,0,1,4,0,1,3,3,2,1,0,1,1,0,1,0,4,0,1,4,1,1,1,4,0,1,3,3,2,0,0,1,0,4,2,2],"AvgScore":43,"Index":246}
[Log][2020-02-04 06:50:00 911] [2020-02-04 06:50:00 911] 第247代	最高分：42	{"Resolution":[4,0,1,1,0,3,0,0,2,3,0,1,1,0,1,0,0,3,1,1,4,1,1,3,4,4,3,4,0,1,1,0,4,0,0,2,4,0,3,1,1,1,0,0,1,1,0,1,4,0,1,3,3,2,1,0,1,1,0,1,0,4,0,1,4,1,1,1,4,0,1,3,3,2,0,0,1,0,4,3,2],"AvgScore":42,"Index":247}
[Log][2020-02-04 06:52:01 016] [2020-02-04 06:52:01 016] 第248代	最高分：38	{"Resolution":[4,0,1,1,0,3,0,0,2,3,0,1,1,0,1,0,0,3,1,1,4,1,1,3,4,4,3,4,0,1,1,0,4,0,0,2,4,0,3,1,1,1,0,0,3,1,0,1,4,0,1,3,3,2,1,0,1,1,0,1,0,4,0,1,4,1,1,1,4,0,1,3,3,2,1,0,1,0,4,3,2],"AvgScore":38,"Index":248}
[Log][2020-02-04 06:54:01 150] [2020-02-04 06:54:01 149] 第249代	最高分：41	{"Resolution":[4,0,1,1,0,3,0,0,2,3,0,1,1,0,1,0,0,3,1,1,4,1,1,3,4,4,3,4,0,1,1,0,4,0,0,2,4,0,3,1,1,1,0,0,3,1,0,1,4,0,1,3,3,2,1,0,1,1,0,1,0,4,0,1,4,1,1,1,4,0,1,3,3,2,1,0,1,0,4,3,2],"AvgScore":41,"Index":249}
[Log][2020-02-04 06:56:01 325] [2020-02-04 06:56:01 324] 第250代	最高分：42	{"Resolution":[4,0,1,1,0,3,0,0,2,3,0,1,1,0,1,3,0,3,1,1,4,1,1,3,4,4,3,4,0,1,1,0,4,0,0,2,4,0,1,1,1,1,0,0,3,1,0,1,4,0,1,3,3,2,1,0,1,1,0,1,0,4,0,1,4,1,1,1,4,0,1,3,3,2,1,0,1,0,4,3,2],"AvgScore":42,"Index":250}
[Log][2020-02-04 06:58:01 308] [2020-02-04 06:58:01 307] 第251代	最高分：41	{"Resolution":[4,0,1,1,0,3,0,0,2,3,0,1,1,0,1,3,0,3,1,1,4,1,1,3,4,4,3,4,0,1,1,0,4,0,0,2,4,0,1,1,1,1,0,0,3,1,0,1,4,0,1,3,3,2,1,0,1,1,0,1,0,4,0,1,4,1,1,1,4,0,1,3,3,2,1,0,1,0,4,3,2],"AvgScore":41,"Index":251}
[Log][2020-02-04 07:00:01 331] [2020-02-04 07:00:01 331] 第252代	最高分：43	{"Resolution":[4,0,1,1,0,3,0,0,3,3,0,1,1,0,1,3,0,3,1,1,4,1,1,3,4,4,3,4,0,1,1,0,4,0,0,2,4,0,1,1,1,1,0,0,3,1,0,1,4,0,1,3,3,2,1,0,1,1,0,1,0,4,0,1,4,1,1,1,4,0,1,3,3,2,1,0,1,0,4,3,2],"AvgScore":43,"Index":252}
[Log][2020-02-04 07:02:01 329] [2020-02-04 07:02:01 329] 第253代	最高分：42	{"Resolution":[4,0,1,1,0,3,0,0,3,3,0,1,1,0,1,3,0,3,1,1,4,1,1,3,4,4,3,4,0,1,1,0,4,0,0,1,4,0,1,1,1,1,0,0,3,1,0,1,4,0,1,3,3,2,1,0,1,1,0,1,0,4,0,1,4,1,1,1,4,0,1,3,3,2,1,4,1,0,4,3,2],"AvgScore":42,"Index":253}
[Log][2020-02-04 07:04:01 325] [2020-02-04 07:04:01 325] 第254代	最高分：46	{"Resolution":[4,0,1,1,0,3,0,0,3,3,0,1,1,0,1,3,0,3,1,1,4,1,1,3,4,4,3,4,0,1,1,0,4,0,0,1,4,0,1,1,1,1,0,0,3,1,0,1,4,0,1,3,3,2,1,0,1,1,0,1,0,4,0,1,4,1,1,1,4,0,1,3,2,2,1,4,1,0,4,1,2],"AvgScore":46,"Index":254}
[Log][2020-02-04 07:06:01 419] [2020-02-04 07:06:01 419] 第255代	最高分：43	{"Resolution":[4,0,1,1,0,3,0,0,3,3,0,1,1,0,1,3,0,3,1,1,4,1,1,3,4,4,3,4,0,1,1,0,4,0,0,1,4,0,1,1,1,1,0,0,1,1,0,1,4,0,1,3,3,2,1,0,1,1,0,1,0,4,0,1,4,1,1,1,4,0,1,3,2,2,1,4,1,0,4,1,2],"AvgScore":43,"Index":255}
[Log][2020-02-04 07:08:01 539] [2020-02-04 07:08:01 538] 第256代	最高分：47	{"Resolution":[4,0,1,1,0,3,0,0,3,3,0,1,1,0,1,3,0,3,1,1,4,1,1,3,4,4,3,4,0,1,1,0,4,0,0,1,4,0,1,1,1,1,0,0,1,1,0,1,4,0,1,3,3,2,1,0,1,1,0,1,0,4,0,1,4,1,1,1,4,0,1,3,2,2,1,4,1,0,4,1,2],"AvgScore":47,"Index":256}
[Log][2020-02-04 07:10:01 629] [2020-02-04 07:10:01 629] 第257代	最高分：39	{"Resolution":[4,0,1,1,0,3,0,0,3,3,0,1,1,0,1,0,0,3,1,1,4,1,1,3,4,4,3,4,0,1,1,0,4,0,0,1,4,0,1,1,1,1,0,0,1,1,0,1,4,0,1,3,3,2,1,0,1,1,0,1,0,4,0,1,4,1,1,1,4,0,1,3,2,2,4,4,1,0,4,1,2],"AvgScore":39,"Index":257}
[Log][2020-02-04 07:12:01 794] [2020-02-04 07:12:01 793] 第258代	最高分：42	{"Resolution":[4,0,1,1,0,3,0,0,3,3,0,1,1,0,1,0,0,3,1,1,4,1,1,3,4,4,3,4,0,1,1,0,4,0,0,1,4,0,1,1,1,1,0,0,1,1,0,1,4,0,1,3,3,2,1,0,1,1,0,1,0,4,0,1,4,1,1,1,4,0,1,3,2,2,4,4,1,0,4,1,2],"AvgScore":42,"Index":258}
[Log][2020-02-04 07:14:01 923] [2020-02-04 07:14:01 923] 第259代	最高分：45	{"Resolution":[4,0,1,1,0,3,0,0,2,3,0,1,1,0,1,0,0,3,1,1,4,1,1,3,4,4,3,4,0,1,1,0,4,0,0,1,4,0,1,1,1,1,0,0,1,1,0,1,4,0,1,3,3,2,1,0,1,1,0,1,0,4,0,1,4,1,1,1,4,0,1,3,2,2,4,4,1,0,4,1,2],"AvgScore":45,"Index":259}
[Log][2020-02-04 07:16:02 080] [2020-02-04 07:16:02 079] 第260代	最高分：46	{"Resolution":[4,0,1,1,0,3,0,0,1,3,0,1,1,0,1,0,0,3,1,1,4,1,1,3,4,4,3,4,0,1,1,0,4,0,0,1,4,0,1,1,1,1,0,0,1,1,0,1,4,0,1,3,3,2,1,0,1,1,0,1,0,4,0,1,4,1,1,1,4,0,1,3,2,2,4,4,1,0,4,1,2],"AvgScore":46,"Index":260}
[Log][2020-02-04 07:18:02 120] [2020-02-04 07:18:02 120] 第261代	最高分：45	{"Resolution":[4,0,1,1,0,3,0,0,1,3,0,1,1,0,1,0,0,3,4,1,4,1,1,3,4,4,3,4,0,1,1,0,4,0,0,1,4,0,1,1,1,1,0,0,1,1,0,1,4,0,1,3,3,2,1,0,1,1,0,1,0,4,0,1,4,1,1,1,4,0,1,3,2,2,4,4,1,0,4,3,2],"AvgScore":45,"Index":261}
[Log][2020-02-04 07:20:02 296] [2020-02-04 07:20:02 295] 第262代	最高分：41	{"Resolution":[4,0,1,1,0,3,0,0,1,3,0,1,1,0,1,0,0,3,4,1,4,1,1,3,4,4,3,4,0,1,1,0,4,0,0,3,4,0,1,1,1,1,0,0,1,1,0,1,4,0,1,3,3,2,1,0,1,1,0,1,0,4,0,1,4,1,1,1,4,0,1,3,2,2,4,4,1,0,4,3,2],"AvgScore":41,"Index":262}
[Log][2020-02-04 07:22:02 255] [2020-02-04 07:22:02 255] 第263代	最高分：42	{"Resolution":[4,0,1,1,0,3,0,0,1,3,0,1,1,0,1,0,0,3,4,1,4,1,1,3,4,4,3,4,0,1,1,0,4,0,0,0,4,0,1,1,1,1,0,0,1,1,0,1,4,0,1,3,3,2,1,0,1,1,0,1,0,4,0,1,4,1,1,1,4,0,1,3,2,2,4,4,1,0,4,3,4],"AvgScore":42,"Index":263}
[Log][2020-02-04 07:24:02 311] [2020-02-04 07:24:02 310] 第264代	最高分：42	{"Resolution":[4,0,1,1,0,3,0,0,1,3,0,1,1,0,1,0,0,3,4,1,4,1,1,3,4,4,3,4,0,1,1,0,4,0,0,0,4,0,1,1,1,4,0,0,1,1,0,1,4,0,1,3,3,2,1,0,1,1,0,1,0,4,0,1,4,1,1,1,4,0,1,3,2,2,4,4,1,0,4,3,4],"AvgScore":42,"Index":264}
[Log][2020-02-04 07:26:02 408] [2020-02-04 07:26:02 408] 第265代	最高分：41	{"Resolution":[4,0,1,1,0,3,0,0,1,3,0,1,1,0,1,0,0,3,4,1,4,1,1,3,4,4,3,4,0,1,1,0,4,0,0,0,4,0,1,1,1,4,0,0,1,1,0,1,4,0,1,3,3,2,1,0,1,1,0,1,0,4,0,1,4,1,1,1,4,0,1,3,2,2,4,4,4,0,4,3,4],"AvgScore":41,"Index":265}
[Log][2020-02-04 07:28:02 568] [2020-02-04 07:28:02 567] 第266代	最高分：38	{"Resolution":[4,0,1,1,0,3,0,0,1,3,0,1,1,0,1,0,0,3,4,1,4,1,1,3,4,4,3,4,0,1,1,0,4,0,0,0,4,0,1,1,1,4,0,0,1,1,0,1,4,0,1,3,3,2,1,0,1,1,0,1,0,4,0,1,4,1,1,1,4,0,1,3,2,2,4,4,4,3,4,3,4],"AvgScore":38,"Index":266}
[Log][2020-02-04 07:30:02 596] [2020-02-04 07:30:02 595] 第267代	最高分：40	{"Resolution":[4,0,1,1,0,3,0,0,1,3,0,1,1,0,4,0,0,3,4,1,4,1,1,3,4,4,3,4,0,1,1,0,4,0,0,0,4,0,1,1,1,4,0,0,1,1,0,1,4,0,1,3,3,2,1,0,1,1,0,1,0,4,0,1,4,1,1,1,4,0,1,3,1,2,4,4,4,3,4,3,4],"AvgScore":40,"Index":267}
[Log][2020-02-04 07:32:02 676] [2020-02-04 07:32:02 676] 第268代	最高分：40	{"Resolution":[4,0,1,1,0,3,0,0,1,3,0,1,1,0,4,0,0,3,4,3,4,1,1,3,4,4,3,4,0,1,1,0,4,0,0,0,4,0,1,1,1,4,0,0,1,1,0,1,4,0,1,3,3,2,1,0,1,1,0,1,0,4,3,1,4,1,1,1,4,0,1,3,1,2,4,4,4,3,4,3,4],"AvgScore":40,"Index":268}
[Log][2020-02-04 07:34:02 819] [2020-02-04 07:34:02 819] 第269代	最高分：43	{"Resolution":[4,0,1,1,0,3,0,0,1,3,0,1,1,0,4,0,0,3,4,3,4,1,1,3,4,4,3,4,0,1,1,0,4,0,0,0,4,0,1,1,1,4,0,0,1,1,0,1,4,0,1,3,3,2,1,0,1,1,0,1,0,4,3,1,4,1,1,0,4,0,1,3,1,2,4,4,4,3,4,2,4],"AvgScore":43,"Index":269}
[Log][2020-02-04 07:36:02 948] [2020-02-04 07:36:02 948] 第270代	最高分：40	{"Resolution":[4,0,1,1,0,3,0,0,1,3,0,1,1,0,4,0,0,3,4,3,4,1,1,3,4,4,3,4,0,1,1,0,4,0,0,0,4,0,1,1,1,4,0,0,1,1,0,1,4,0,1,3,3,2,1,0,1,1,0,1,0,4,3,1,4,1,1,0,4,0,1,3,2,2,4,4,4,3,4,2,4],"AvgScore":40,"Index":270}
[Log][2020-02-04 07:38:03 084] [2020-02-04 07:38:03 084] 第271代	最高分：45	{"Resolution":[4,0,1,1,0,3,0,0,1,3,0,1,1,0,4,0,0,3,4,3,4,1,1,3,4,4,3,4,0,1,1,0,4,0,0,0,4,0,1,1,1,4,0,0,1,1,0,1,4,0,1,3,3,2,1,0,1,1,0,1,0,4,3,1,4,1,1,0,4,0,1,3,2,2,4,4,4,3,4,2,4],"AvgScore":45,"Index":271}
[Log][2020-02-04 07:40:03 214] [2020-02-04 07:40:03 213] 第272代	最高分：43	{"Resolution":[4,0,1,1,0,3,0,0,1,3,0,1,1,0,4,0,0,3,4,3,4,1,1,3,4,4,3,4,0,1,1,0,4,0,0,0,4,0,1,1,1,4,0,0,1,1,3,1,4,0,1,3,3,2,1,0,1,1,0,1,0,4,3,1,4,1,1,0,4,0,1,3,2,2,4,4,4,3,4,2,4],"AvgScore":43,"Index":272}
[Log][2020-02-04 07:42:03 379] [2020-02-04 07:42:03 378] 第273代	最高分：42	{"Resolution":[4,0,1,1,0,3,0,0,1,3,0,1,1,0,4,0,0,3,4,3,4,1,1,3,4,4,3,4,0,1,1,0,1,0,0,0,4,0,1,1,1,4,0,0,1,1,3,1,3,0,1,3,3,2,1,0,1,1,0,1,0,4,3,1,4,1,1,0,4,0,1,3,2,2,4,4,4,3,4,2,4],"AvgScore":42,"Index":273}
[Log][2020-02-04 07:44:03 437] [2020-02-04 07:44:03 436] 第274代	最高分：46	{"Resolution":[4,0,1,1,0,3,0,0,1,3,0,1,1,0,4,0,0,3,4,3,4,1,1,3,4,4,3,4,0,1,1,0,1,0,0,0,4,0,1,1,1,4,0,0,1,1,3,1,3,0,1,3,3,2,1,0,1,1,0,1,0,4,3,1,4,1,1,0,4,0,1,3,3,2,4,4,4,3,4,2,4],"AvgScore":46,"Index":274}
[Log][2020-02-04 07:46:03 694] [2020-02-04 07:46:03 693] 第275代	最高分：42	{"Resolution":[4,0,1,1,0,3,0,0,1,3,0,1,1,0,4,0,0,3,4,3,4,1,1,3,4,4,3,4,0,1,1,0,1,0,0,0,4,0,1,1,1,4,0,0,1,1,3,1,3,0,1,3,3,2,1,0,1,1,0,1,0,4,3,1,4,1,1,0,4,0,1,3,3,2,4,4,4,0,4,2,4],"AvgScore":42,"Index":275}
[Log][2020-02-04 07:48:04 013] [2020-02-04 07:48:04 013] 第276代	最高分：42	{"Resolution":[4,0,1,1,0,3,0,0,1,3,0,1,1,0,4,0,0,3,4,3,4,1,1,3,4,4,3,4,0,1,1,0,1,0,0,0,4,0,1,1,1,4,0,0,1,1,3,1,3,0,1,3,3,2,1,0,1,1,0,1,0,4,3,1,4,1,1,0,4,0,1,3,3,2,4,4,2,0,4,2,4],"AvgScore":42,"Index":276}
[Log][2020-02-04 07:50:04 118] [2020-02-04 07:50:04 117] 第277代	最高分：43	{"Resolution":[4,0,1,1,0,3,0,0,1,3,0,1,1,0,4,0,0,3,4,3,4,1,1,3,4,4,3,4,0,1,1,0,1,0,0,0,4,0,1,4,1,4,0,0,1,1,3,1,3,0,1,3,3,2,1,0,1,1,0,1,0,4,3,1,4,1,1,0,4,0,1,3,3,2,4,4,2,0,4,2,4],"AvgScore":43,"Index":277}
[Log][2020-02-04 07:52:04 246] [2020-02-04 07:52:04 246] 第278代	最高分：43	{"Resolution":[4,0,1,1,0,3,0,0,1,3,0,1,1,0,4,0,0,3,4,3,4,1,1,3,4,4,0,4,0,1,1,0,1,0,0,0,4,0,1,4,1,4,0,0,1,1,3,1,1,0,1,3,3,2,1,0,1,1,0,1,0,0,3,1,4,1,1,0,4,0,1,3,3,2,4,4,2,0,4,2,4],"AvgScore":43,"Index":278}
[Log][2020-02-04 07:54:04 170] [2020-02-04 07:54:04 169] 第279代	最高分：36	{"Resolution":[4,0,1,1,0,3,0,0,1,3,0,1,1,0,4,0,0,3,4,3,4,1,1,3,4,4,0,4,0,1,1,0,1,0,0,0,4,0,1,4,1,4,0,0,1,1,4,1,1,0,1,3,3,2,1,0,1,1,0,1,0,0,3,1,4,1,1,0,4,0,1,3,3,2,4,4,2,0,4,2,4],"AvgScore":36,"Index":279}
[Log][2020-02-04 07:56:04 229] [2020-02-04 07:56:04 228] 第280代	最高分：41	{"Resolution":[4,0,1,1,0,3,0,0,1,3,0,1,1,0,4,0,0,3,4,3,4,1,1,3,4,4,0,4,0,1,1,0,1,0,0,0,4,0,1,4,1,4,0,0,1,1,4,1,1,0,1,3,3,2,1,0,1,1,0,1,0,0,3,1,4,1,1,0,4,0,1,3,3,2,4,4,2,0,4,2,4],"AvgScore":41,"Index":280}
[Log][2020-02-04 07:58:04 313] [2020-02-04 07:58:04 313] 第281代	最高分：43	{"Resolution":[4,0,1,1,0,3,0,0,1,3,0,1,1,0,4,0,0,3,4,3,4,1,1,3,4,4,0,4,0,1,1,0,1,0,0,0,4,0,1,1,1,4,0,0,1,1,4,1,1,1,1,3,3,2,1,0,1,1,0,1,0,0,3,1,4,1,1,0,4,0,1,3,3,2,4,4,4,0,4,2,4],"AvgScore":43,"Index":281}
[Log][2020-02-04 08:00:04 466] [2020-02-04 08:00:04 466] 第282代	最高分：42	{"Resolution":[4,0,1,1,0,3,0,0,1,3,0,1,1,0,4,0,0,3,4,3,4,1,1,3,4,4,0,4,0,1,1,0,1,0,0,0,4,0,1,1,1,4,0,0,1,1,4,1,1,1,1,3,3,2,1,0,1,1,0,1,0,0,3,1,4,1,1,0,4,0,1,3,3,2,4,4,4,0,4,2,4],"AvgScore":42,"Index":282}
[Log][2020-02-04 08:02:04 695] [2020-02-04 08:02:04 695] 第283代	最高分：41	{"Resolution":[4,0,1,1,0,3,0,0,3,3,0,1,1,0,4,0,0,3,4,3,4,1,1,3,4,4,0,4,0,1,1,0,1,0,0,0,4,0,1,1,1,4,0,0,1,1,4,1,1,1,1,3,3,2,1,0,1,1,0,1,0,0,3,1,4,1,1,0,4,0,1,3,3,2,4,4,4,0,4,2,4],"AvgScore":41,"Index":283}
[Log][2020-02-04 08:04:04 827] [2020-02-04 08:04:04 827] 第284代	最高分：40	{"Resolution":[4,0,1,1,0,3,0,0,3,3,0,1,1,0,4,0,0,3,1,3,4,1,1,3,4,4,0,4,0,1,1,0,1,0,0,0,4,0,1,1,1,4,0,0,1,1,4,1,1,1,1,3,3,2,1,0,1,1,0,1,0,0,3,1,4,1,1,0,4,0,1,3,3,2,4,4,4,0,4,2,4],"AvgScore":40,"Index":284}
[Log][2020-02-04 08:06:04 942] [2020-02-04 08:06:04 942] 第285代	最高分：46	{"Resolution":[4,0,1,1,0,3,0,0,3,3,0,1,1,0,4,0,0,3,1,3,4,1,1,3,3,4,0,4,0,1,1,0,1,0,0,0,4,0,1,1,1,4,0,0,1,1,4,1,1,1,1,3,3,2,1,0,1,1,0,1,0,0,3,1,4,1,1,0,4,0,1,3,3,2,4,4,4,0,4,2,4],"AvgScore":46,"Index":285}
[Log][2020-02-04 08:08:05 050] [2020-02-04 08:08:05 050] 第286代	最高分：45	{"Resolution":[4,0,1,1,0,3,0,0,3,3,0,1,1,0,4,0,0,3,1,3,4,1,1,3,3,4,0,4,0,1,1,0,1,0,0,0,4,0,1,1,1,4,0,0,1,1,4,1,1,1,1,3,3,2,1,0,1,1,0,1,0,4,3,1,4,1,1,0,4,0,1,3,3,2,4,4,4,0,4,2,4],"AvgScore":45,"Index":286}
[Log][2020-02-04 08:10:05 173] [2020-02-04 08:10:05 172] 第287代	最高分：43	{"Resolution":[4,0,1,1,0,3,0,0,3,3,0,1,1,0,4,0,0,3,1,3,4,1,1,3,3,4,0,4,0,1,1,0,1,0,0,0,4,0,1,1,1,4,0,0,1,1,4,1,1,1,1,3,3,2,1,0,1,1,0,1,0,4,3,1,4,1,1,0,4,0,1,3,3,2,4,4,4,0,4,2,4],"AvgScore":43,"Index":287}
[Log][2020-02-04 08:12:05 322] [2020-02-04 08:12:05 321] 第288代	最高分：40	{"Resolution":[4,0,1,1,0,3,0,0,3,3,0,1,1,0,4,0,0,3,1,3,4,1,1,3,3,4,0,4,0,1,1,0,1,0,0,0,4,0,1,1,1,4,0,0,1,1,4,1,1,1,4,3,3,2,1,0,1,1,0,1,0,4,3,1,4,1,1,0,4,0,1,3,3,2,4,4,4,0,4,2,4],"AvgScore":40,"Index":288}
[Log][2020-02-04 08:14:05 331] [2020-02-04 08:14:05 330] 第289代	最高分：44	{"Resolution":[4,0,1,1,0,3,0,0,3,3,0,1,1,0,4,0,0,3,1,3,4,1,1,3,3,4,0,4,0,1,1,0,1,0,0,0,4,0,1,1,1,4,0,0,1,1,4,1,1,1,4,3,3,2,1,0,1,1,0,1,0,4,3,1,4,1,1,0,4,0,1,3,3,2,4,4,4,0,4,2,4],"AvgScore":44,"Index":289}
[Log][2020-02-04 08:16:05 451] [2020-02-04 08:16:05 451] 第290代	最高分：39	{"Resolution":[4,0,1,1,0,3,0,0,3,3,0,1,1,0,4,0,0,3,1,3,4,1,1,3,3,4,0,4,0,1,1,0,1,0,0,0,4,0,1,1,1,4,0,0,1,1,4,1,1,1,4,3,3,2,1,0,1,1,0,1,0,4,3,1,4,1,1,0,4,0,1,3,3,2,4,4,4,0,4,2,4],"AvgScore":39,"Index":290}
[Log][2020-02-04 08:18:05 570] [2020-02-04 08:18:05 569] 第291代	最高分：42	{"Resolution":[4,0,1,1,0,3,0,0,3,3,0,1,1,0,4,0,0,3,1,3,4,1,3,3,3,4,0,4,0,1,1,0,1,0,0,0,4,0,1,1,1,4,0,0,1,1,4,1,1,1,4,3,3,2,1,0,1,1,0,1,0,4,3,1,4,1,1,0,4,0,1,3,3,2,4,4,4,0,4,2,4],"AvgScore":42,"Index":291}
[Log][2020-02-04 08:20:05 697] [2020-02-04 08:20:05 697] 第292代	最高分：45	{"Resolution":[4,0,1,1,0,3,0,0,3,3,0,1,1,0,4,0,0,3,1,3,4,1,3,3,3,4,0,4,0,1,1,0,1,0,0,0,4,0,1,1,1,4,0,0,1,1,4,1,1,1,4,3,3,2,1,0,1,1,0,1,0,4,3,1,4,1,1,0,4,0,1,3,3,2,4,4,4,0,4,2,4],"AvgScore":45,"Index":292}
[Log][2020-02-04 08:22:05 827] [2020-02-04 08:22:05 827] 第293代	最高分：45	{"Resolution":[4,0,1,1,0,3,0,0,3,3,0,1,1,0,4,0,0,3,1,3,4,1,3,1,3,4,0,4,0,1,1,0,1,0,0,0,4,0,1,1,1,4,0,0,1,1,4,1,1,1,4,3,3,2,1,0,1,1,0,1,0,4,3,1,4,1,1,0,4,0,1,3,3,2,4,4,4,0,4,2,4],"AvgScore":45,"Index":293}
[Log][2020-02-04 08:24:05 917] [2020-02-04 08:24:05 917] 第294代	最高分：40	{"Resolution":[4,0,1,1,0,3,0,0,3,3,0,1,1,0,4,0,0,3,1,3,4,1,3,1,3,2,0,4,0,1,1,0,4,0,0,0,4,0,1,1,1,4,0,0,1,1,4,1,1,1,4,3,3,2,1,0,1,1,0,1,0,4,3,1,4,1,1,0,4,0,1,3,3,2,4,4,4,0,4,2,4],"AvgScore":40,"Index":294}
[Log][2020-02-04 08:26:06 025] [2020-02-04 08:26:06 025] 第295代	最高分：42	{"Resolution":[4,0,1,1,0,3,0,4,3,3,0,1,1,0,4,0,0,3,1,3,4,1,3,1,3,2,0,4,0,1,1,0,4,0,0,0,4,0,1,1,1,4,0,0,1,1,4,1,1,1,4,3,3,2,1,0,1,1,0,1,0,4,3,1,4,1,1,0,4,0,1,3,3,2,4,4,4,0,4,2,4],"AvgScore":42,"Index":295}
[Log][2020-02-04 08:28:06 077] [2020-02-04 08:28:06 076] 第296代	最高分：36	{"Resolution":[4,0,1,1,0,3,0,4,3,3,0,1,1,0,4,0,0,3,1,3,4,1,3,1,3,2,0,4,0,1,1,0,4,0,0,4,3,0,1,1,1,4,0,0,1,1,4,1,1,1,4,3,3,2,1,0,1,1,0,1,0,4,3,1,4,1,1,0,4,0,1,3,3,2,4,4,4,0,4,2,4],"AvgScore":36,"Index":296}
[Log][2020-02-04 08:30:06 053] [2020-02-04 08:30:06 052] 第297代	最高分：40	{"Resolution":[4,0,1,1,0,3,0,4,3,3,0,1,1,0,4,0,0,3,1,3,4,1,3,1,3,2,0,4,0,1,1,0,4,0,0,4,3,0,1,1,1,4,0,0,1,1,4,1,1,1,4,3,3,2,1,0,1,1,0,1,0,4,3,1,4,1,1,0,4,0,1,3,3,2,4,4,2,0,4,2,4],"AvgScore":40,"Index":297}
[Log][2020-02-04 08:32:06 072] [2020-02-04 08:32:06 072] 第298代	最高分：43	{"Resolution":[4,0,1,1,0,3,0,4,3,3,0,1,1,0,4,0,0,3,1,3,4,1,3,1,3,2,0,4,0,1,1,0,4,0,0,4,3,0,1,1,1,4,0,0,1,1,4,1,3,1,4,3,3,2,1,0,1,1,0,1,0,4,3,1,4,1,1,0,4,0,1,3,3,2,4,4,2,0,4,2,4],"AvgScore":43,"Index":298}
[Log][2020-02-04 08:34:06 213] [2020-02-04 08:34:06 213] 第299代	最高分：42	{"Resolution":[4,0,1,1,0,3,0,4,3,3,0,1,1,0,4,0,0,3,1,3,4,1,3,1,3,2,0,4,0,1,1,0,4,0,0,4,3,0,1,1,1,4,0,0,1,1,4,1,3,1,4,3,3,2,1,0,1,1,0,1,0,4,3,1,4,1,1,0,4,0,1,3,3,2,4,4,2,0,4,0,4],"AvgScore":42,"Index":299}
[Log][2020-02-04 08:36:05 956] [2020-02-04 08:36:05 956] 第300代	最高分：38	{"Resolution":[4,0,1,1,0,3,0,4,3,3,0,1,1,0,4,0,0,3,1,3,4,1,3,1,3,2,0,4,0,1,1,0,4,0,0,4,3,0,1,1,1,4,0,0,4,1,4,1,3,1,4,3,3,2,1,0,1,1,0,1,0,4,3,1,4,1,1,0,4,0,1,3,3,2,4,4,2,0,4,0,4],"AvgScore":38,"Index":300}
[Log][2020-02-04 08:38:05 715] [2020-02-04 08:38:05 715] 第301代	最高分：43	{"Resolution":[4,0,1,1,0,3,0,4,3,3,0,1,1,0,4,0,0,3,1,3,4,1,3,1,3,2,0,4,0,1,1,0,4,0,0,4,3,0,1,1,1,4,0,0,4,1,4,1,1,1,4,3,3,2,1,0,1,1,0,1,0,4,3,1,4,1,1,0,4,0,1,3,3,2,4,4,2,0,4,0,4],"AvgScore":43,"Index":301}
[Log][2020-02-04 08:40:05 693] [2020-02-04 08:40:05 692] 第302代	最高分：38	{"Resolution":[4,0,1,1,0,3,0,4,3,3,0,1,1,0,4,0,0,0,1,3,4,1,3,1,3,2,0,4,0,1,1,0,4,0,0,4,3,0,1,1,1,4,0,0,4,1,4,1,1,1,4,3,3,4,1,0,1,1,0,1,0,4,3,1,4,1,1,0,4,0,1,3,3,2,4,4,2,0,4,0,4],"AvgScore":38,"Index":302}
[Log][2020-02-04 08:42:05 691] [2020-02-04 08:42:05 690] 第303代	最高分：42	{"Resolution":[4,0,1,1,0,3,0,4,3,3,0,1,1,0,4,0,0,0,1,3,4,1,3,1,3,2,0,4,0,1,1,0,4,0,0,4,3,0,1,1,1,4,0,0,4,1,4,1,1,1,4,3,3,4,1,0,1,1,0,1,0,4,3,1,4,1,1,0,4,0,3,3,3,2,4,4,2,0,3,0,4],"AvgScore":42,"Index":303}
[Log][2020-02-04 08:44:05 813] [2020-02-04 08:44:05 812] 第304代	最高分：42	{"Resolution":[4,0,1,1,0,4,0,4,3,3,0,1,1,0,4,0,0,0,1,3,4,1,3,1,3,2,0,4,0,1,1,0,4,0,0,4,3,0,1,1,1,4,0,0,4,1,4,1,1,1,4,3,3,4,1,0,1,1,0,1,0,4,3,1,4,1,1,0,4,0,3,3,3,2,4,4,2,0,3,0,4],"AvgScore":42,"Index":304}
[Log][2020-02-04 08:46:05 882] [2020-02-04 08:46:05 882] 第305代	最高分：40	{"Resolution":[4,0,1,1,0,4,0,4,3,3,0,1,1,0,4,0,0,0,1,3,4,1,3,1,3,2,0,4,0,1,1,0,4,0,0,4,3,0,1,1,1,4,0,0,4,1,4,1,1,1,4,3,3,4,1,0,1,1,0,1,0,4,3,1,4,1,1,0,4,0,3,3,3,2,4,4,2,0,3,0,4],"AvgScore":40,"Index":305}
[Log][2020-02-04 08:48:05 920] [2020-02-04 08:48:05 919] 第306代	最高分：40	{"Resolution":[4,0,1,1,0,4,0,4,3,3,0,1,1,0,4,0,0,0,1,3,4,1,3,1,3,2,0,4,0,1,1,0,4,0,0,4,3,0,1,1,1,4,0,0,4,1,4,1,1,1,4,3,3,4,1,0,1,1,0,1,0,4,3,1,4,1,1,0,4,0,3,3,3,2,4,4,2,0,3,0,4],"AvgScore":40,"Index":306}
[Log][2020-02-04 08:50:05 717] [2020-02-04 08:50:05 716] 第307代	最高分：40	{"Resolution":[4,0,1,1,0,4,0,4,3,3,0,1,1,0,4,0,0,0,4,3,4,1,3,1,3,2,0,4,0,1,1,0,4,0,0,4,3,0,1,1,1,4,0,0,4,1,4,4,1,1,4,3,3,4,1,0,1,1,0,1,0,4,3,1,4,1,1,0,4,0,3,3,3,2,4,4,2,2,3,0,4],"AvgScore":40,"Index":307}
[Log][2020-02-04 08:52:05 924] [2020-02-04 08:52:05 923] 第308代	最高分：43	{"Resolution":[4,0,1,1,0,4,0,4,3,3,0,1,1,0,1,0,0,0,4,3,4,1,3,1,3,2,0,4,0,1,1,0,4,0,0,4,3,0,1,1,1,4,0,0,4,1,4,4,1,1,4,3,3,4,1,0,1,1,0,1,0,4,3,1,4,1,1,0,4,0,3,3,3,2,4,4,2,2,3,0,4],"AvgScore":43,"Index":308}
[Log][2020-02-04 08:54:05 941] [2020-02-04 08:54:05 941] 第309代	最高分：42	{"Resolution":[4,0,1,1,0,4,0,4,3,3,0,1,1,0,1,0,0,3,4,3,4,1,3,1,3,2,0,4,0,1,1,0,4,0,0,4,3,0,1,1,1,4,0,0,4,1,4,4,1,1,0,3,2,4,1,0,1,1,0,1,0,4,3,1,4,1,1,0,4,0,3,3,3,2,4,4,2,2,3,0,4],"AvgScore":42,"Index":309}
[Log][2020-02-04 08:56:05 987] [2020-02-04 08:56:05 987] 第310代	最高分：39	{"Resolution":[4,0,1,1,0,4,0,4,3,3,0,1,1,0,1,0,0,3,4,3,4,1,0,1,3,2,0,4,0,1,1,0,4,0,0,4,3,0,1,1,1,4,0,0,4,1,4,4,1,1,0,3,3,4,1,0,1,1,0,1,0,4,3,1,4,1,1,0,4,0,3,3,3,2,4,4,2,2,3,0,4],"AvgScore":39,"Index":310}
[Log][2020-02-04 08:58:06 191] [2020-02-04 08:58:06 191] 第311代	最高分：41	{"Resolution":[4,0,1,1,0,4,0,4,4,3,0,1,1,0,1,0,0,3,4,3,4,1,0,1,3,2,0,4,0,1,1,0,4,0,0,4,3,0,1,1,1,4,0,0,4,1,4,4,1,1,0,3,3,4,1,0,1,1,0,1,0,4,3,1,4,1,1,0,4,0,3,3,3,2,4,4,2,2,0,0,4],"AvgScore":41,"Index":311}
[Log][2020-02-04 09:00:07 543] [2020-02-04 09:00:07 542] 第312代	最高分：36	{"Resolution":[4,0,1,1,0,4,0,4,4,3,0,1,1,0,1,0,0,3,4,3,4,1,0,1,3,2,0,4,0,1,1,0,4,0,0,4,3,0,1,1,1,4,0,0,4,1,4,4,1,1,2,3,3,4,1,0,1,1,0,1,0,4,3,1,4,1,1,0,4,0,3,3,3,2,4,4,2,2,0,0,4],"AvgScore":36,"Index":312}
[Log][2020-02-04 09:02:08 319] [2020-02-04 09:02:08 318] 第313代	最高分：34	{"Resolution":[4,0,1,1,0,4,0,4,4,3,0,1,1,0,1,0,0,3,4,1,4,1,0,1,3,2,0,4,0,1,1,0,4,0,0,4,3,0,1,1,1,4,0,0,4,1,4,4,1,1,2,3,3,4,1,0,1,1,0,1,0,4,3,1,4,1,1,0,4,0,3,3,3,2,4,4,2,2,0,0,4],"AvgScore":34,"Index":313}
[Log][2020-02-04 09:04:09 885] [2020-02-04 09:04:09 885] 第314代	最高分：39	{"Resolution":[4,0,1,1,0,4,0,4,4,3,0,1,1,0,1,0,0,3,4,1,4,1,0,1,3,2,0,4,0,1,1,0,4,0,0,4,3,0,1,1,1,4,0,0,4,1,4,4,1,1,2,3,3,4,1,0,1,1,0,1,0,4,3,1,4,1,1,0,4,0,3,3,3,2,4,4,2,2,0,0,4],"AvgScore":39,"Index":314}
[Log][2020-02-04 09:06:11 324] [2020-02-04 09:06:11 323] 第315代	最高分：41	{"Resolution":[4,0,1,1,0,4,0,0,4,3,0,1,1,0,1,4,0,3,4,1,4,1,0,1,3,2,0,4,0,1,1,0,4,0,0,4,3,0,1,1,1,4,0,0,4,1,4,4,1,1,2,3,3,4,1,0,1,1,0,1,0,4,3,1,4,1,1,0,4,0,3,3,3,2,4,4,2,2,0,0,4],"AvgScore":41,"Index":315}
[Log][2020-02-04 09:08:11 584] [2020-02-04 09:08:11 584] 第316代	最高分：36	{"Resolution":[4,0,1,1,0,4,0,0,4,3,0,1,1,0,1,4,0,3,4,1,4,3,0,1,3,2,0,4,0,1,1,0,4,0,0,4,3,0,1,1,1,4,0,0,4,1,4,4,1,1,2,3,3,4,1,0,1,1,0,1,0,4,3,1,4,1,1,0,4,0,3,3,1,2,4,4,2,2,0,0,4],"AvgScore":36,"Index":316}
[Log][2020-02-04 09:10:12 207] [2020-02-04 09:10:12 206] 第317代	最高分：34	{"Resolution":[4,0,1,1,0,4,0,0,4,3,0,1,1,0,1,4,0,3,4,1,4,3,0,1,3,2,0,4,0,1,1,0,4,0,0,4,3,0,1,1,1,4,0,0,4,1,3,4,1,1,2,3,3,4,1,0,1,1,0,1,0,4,1,1,4,1,1,0,4,0,3,3,1,2,4,4,2,2,0,0,4],"AvgScore":34,"Index":317}
[Log][2020-02-04 09:12:12 578] [2020-02-04 09:12:12 577] 第318代	最高分：34	{"Resolution":[4,0,1,1,0,4,0,0,4,3,0,1,1,0,1,4,0,3,4,1,4,3,0,1,3,2,0,4,0,1,1,0,4,0,0,4,3,0,1,1,1,4,0,0,4,1,3,4,1,1,2,3,3,4,1,0,1,1,0,1,0,4,2,1,4,1,1,0,4,0,3,3,1,2,4,4,2,2,0,0,4],"AvgScore":34,"Index":318}
[Log][2020-02-04 09:14:12 831] [2020-02-04 09:14:12 831] 第319代	最高分：41	{"Resolution":[4,0,1,1,0,4,0,0,4,3,0,1,1,0,1,4,0,3,4,4,4,3,0,1,3,2,0,4,0,1,1,0,4,0,0,4,3,0,1,1,1,4,0,0,4,1,3,4,1,1,2,3,3,4,1,0,1,1,0,1,0,4,2,1,4,1,1,0,4,0,3,3,1,2,4,4,2,2,0,0,4],"AvgScore":41,"Index":319}
[Log][2020-02-04 09:16:13 054] [2020-02-04 09:16:13 054] 第320代	最高分：34	{"Resolution":[4,0,1,1,0,4,0,0,4,3,0,1,1,0,1,4,0,4,4,4,4,3,0,1,3,2,0,4,0,1,1,0,4,0,0,4,3,0,1,1,1,4,0,0,4,1,3,4,1,1,1,3,3,4,1,0,1,1,0,1,0,4,2,1,4,1,1,0,4,0,3,3,1,2,4,4,2,2,0,0,4],"AvgScore":34,"Index":320}
[Log][2020-02-04 09:18:13 284] [2020-02-04 09:18:13 284] 第321代	最高分：42	{"Resolution":[4,0,1,1,0,4,0,0,4,3,0,1,1,0,1,4,0,4,4,4,4,3,0,1,3,3,0,4,0,1,1,0,4,0,0,4,3,0,1,1,1,4,0,0,4,1,3,4,1,1,1,3,3,4,1,0,1,1,0,1,0,4,2,1,4,1,1,0,4,0,3,3,1,2,4,4,2,2,0,0,4],"AvgScore":42,"Index":321}
[Log][2020-02-04 09:20:13 637] [2020-02-04 09:20:13 637] 第322代	最高分：37	{"Resolution":[4,0,1,1,0,4,0,0,4,3,0,1,1,0,1,4,0,4,4,4,4,3,0,1,3,3,0,4,0,1,1,0,4,0,0,1,3,0,1,1,1,4,0,0,4,1,3,4,1,1,1,3,3,4,1,0,1,1,0,1,0,4,2,1,4,1,1,0,1,0,3,3,1,2,4,4,2,2,0,0,4],"AvgScore":37,"Index":322}
[Log][2020-02-04 09:22:14 389] [2020-02-04 09:22:14 388] 第323代	最高分：40	{"Resolution":[4,0,1,1,0,4,0,0,4,3,0,1,1,0,1,4,0,4,4,4,4,3,0,1,3,3,0,4,0,1,1,0,4,0,0,1,3,0,1,1,1,4,0,0,4,1,3,4,1,1,1,3,3,4,1,0,1,1,0,1,0,4,2,1,4,1,1,0,1,0,3,3,1,2,4,4,2,2,0,0,4],"AvgScore":40,"Index":323}
[Log][2020-02-04 09:24:15 835] [2020-02-04 09:24:15 835] 第324代	最高分：43	{"Resolution":[4,0,1,1,0,4,0,0,0,3,0,1,1,0,1,4,0,4,4,4,4,3,0,1,3,3,0,4,0,1,1,0,4,0,0,1,3,0,1,1,1,4,0,0,4,1,3,4,1,1,1,3,3,4,1,0,1,1,0,1,0,4,2,1,4,1,1,0,1,0,3,3,1,2,4,4,2,0,0,0,4],"AvgScore":43,"Index":324}
[Log][2020-02-04 09:26:17 339] [2020-02-04 09:26:17 339] 第325代	最高分：42	{"Resolution":[4,0,1,1,0,4,0,0,0,3,0,1,1,0,1,4,0,4,4,4,4,3,0,1,3,3,0,4,0,1,1,0,4,0,0,4,3,0,1,1,1,4,0,0,4,1,3,4,1,1,1,3,3,4,1,0,1,1,0,1,0,4,2,1,4,1,1,0,1,0,3,3,1,2,4,4,2,0,0,0,4],"AvgScore":42,"Index":325}
[Log][2020-02-04 09:28:19 290] [2020-02-04 09:28:19 289] 第326代	最高分：42	{"Resolution":[4,0,1,1,0,4,0,0,0,3,0,1,1,0,1,4,0,4,4,4,4,3,0,1,3,3,0,4,0,1,1,0,4,0,0,4,3,0,1,1,1,4,0,0,4,1,3,4,1,1,1,3,3,4,1,0,1,1,0,1,0,4,2,1,4,1,1,0,1,0,3,3,1,2,4,4,2,0,0,0,4],"AvgScore":42,"Index":326}
[Log][2020-02-04 09:30:20 987] [2020-02-04 09:30:20 986] 第327代	最高分：38	{"Resolution":[4,0,1,1,0,4,0,0,0,3,0,1,1,0,1,3,0,4,4,4,1,3,0,1,3,3,0,4,0,1,1,0,4,0,0,4,3,0,1,1,1,4,0,0,4,1,3,4,1,1,1,3,3,4,1,0,1,1,0,1,0,4,2,1,4,1,1,0,1,0,3,3,1,2,4,4,2,0,0,0,4],"AvgScore":38,"Index":327}
[Log][2020-02-04 09:32:21 377] [2020-02-04 09:32:21 377] 第328代	最高分：44	{"Resolution":[4,0,1,1,0,4,0,0,0,3,0,1,1,0,1,3,0,4,4,4,1,3,0,1,3,3,0,4,0,1,1,0,4,0,0,4,3,0,1,1,1,4,0,0,4,1,1,4,1,1,1,3,3,4,1,0,1,1,0,1,0,4,2,1,4,1,1,0,1,0,4,3,1,2,4,4,2,0,0,0,4],"AvgScore":44,"Index":328}
[Log][2020-02-04 09:34:21 945] [2020-02-04 09:34:21 945] 第329代	最高分：43	{"Resolution":[4,0,1,1,0,4,0,0,0,3,0,1,1,0,1,3,0,4,4,4,1,3,0,1,3,3,0,4,0,1,1,0,4,0,0,4,3,0,1,1,1,4,0,0,4,1,1,4,1,1,1,3,3,4,1,0,1,1,0,1,0,4,2,1,4,1,1,0,1,0,4,3,1,2,4,4,2,0,0,0,4],"AvgScore":43,"Index":329}
